{"C:\\Users\\Matheus\\Desktop\\Projetos Pessoais\\A3 2026.1\\Sprint 03\\essence project\\backend\\src\\app.js": {"path":"C:\\Users\\Matheus\\Desktop\\Projetos Pessoais\\A3 2026.1\\Sprint 03\\essence project\\backend\\src\\app.js","statementMap":{"0":{"start":{"line":1,"column":16},"end":{"line":1,"column":34}},"1":{"start":{"line":2,"column":13},"end":{"line":2,"column":28}},"2":{"start":{"line":3,"column":15},"end":{"line":3,"column":32}},"3":{"start":{"line":4,"column":18},"end":{"line":4,"column":47}},"4":{"start":{"line":5,"column":11},"end":{"line":5,"column":39}},"5":{"start":{"line":7,"column":12},"end":{"line":7,"column":21}},"6":{"start":{"line":11,"column":0},"end":{"line":11,"column":18}},"7":{"start":{"line":13,"column":0},"end":{"line":13,"column":16}},"8":{"start":{"line":14,"column":0},"end":{"line":14,"column":24}},"9":{"start":{"line":18,"column":21},"end":{"line":26,"column":2}},"10":{"start":{"line":28,"column":19},"end":{"line":28,"column":49}},"11":{"start":{"line":29,"column":22},"end":{"line":29,"column":55}},"12":{"start":{"line":30,"column":19},"end":{"line":30,"column":49}},"13":{"start":{"line":31,"column":23},"end":{"line":31,"column":57}},"14":{"start":{"line":32,"column":20},"end":{"line":32,"column":51}},"15":{"start":{"line":33,"column":22},"end":{"line":33,"column":55}},"16":{"start":{"line":34,"column":24},"end":{"line":34,"column":59}},"17":{"start":{"line":35,"column":21},"end":{"line":35,"column":53}},"18":{"start":{"line":36,"column":21},"end":{"line":36,"column":53}},"19":{"start":{"line":37,"column":23},"end":{"line":37,"column":62}},"20":{"start":{"line":40,"column":18},"end":{"line":40,"column":47}},"21":{"start":{"line":41,"column":24},"end":{"line":41,"column":58}},"22":{"start":{"line":44,"column":0},"end":{"line":44,"column":72}},"23":{"start":{"line":46,"column":0},"end":{"line":46,"column":41}},"24":{"start":{"line":47,"column":0},"end":{"line":47,"column":33}},"25":{"start":{"line":48,"column":0},"end":{"line":48,"column":40}},"26":{"start":{"line":49,"column":0},"end":{"line":49,"column":49}},"27":{"start":{"line":50,"column":0},"end":{"line":50,"column":58}},"28":{"start":{"line":51,"column":0},"end":{"line":51,"column":52}},"29":{"start":{"line":52,"column":0},"end":{"line":52,"column":57}},"30":{"start":{"line":53,"column":0},"end":{"line":53,"column":43}},"31":{"start":{"line":54,"column":0},"end":{"line":54,"column":54}},"32":{"start":{"line":55,"column":0},"end":{"line":55,"column":38}},"33":{"start":{"line":57,"column":0},"end":{"line":59,"column":3}},"34":{"start":{"line":58,"column":2},"end":{"line":58,"column":53}},"35":{"start":{"line":62,"column":0},"end":{"line":73,"column":3}},"36":{"start":{"line":63,"column":4},"end":{"line":72,"column":5}},"37":{"start":{"line":64,"column":23},"end":{"line":64,"column":53}},"38":{"start":{"line":65,"column":8},"end":{"line":68,"column":11}},"39":{"start":{"line":70,"column":8},"end":{"line":70,"column":44}},"40":{"start":{"line":71,"column":8},"end":{"line":71,"column":81}},"41":{"start":{"line":75,"column":0},"end":{"line":75,"column":21}}},"fnMap":{"0":{"name":"(anonymous_0)","decl":{"start":{"line":57,"column":19},"end":{"line":57,"column":20}},"loc":{"start":{"line":57,"column":34},"end":{"line":59,"column":1}},"line":57},"1":{"name":"(anonymous_1)","decl":{"start":{"line":62,"column":20},"end":{"line":62,"column":21}},"loc":{"start":{"line":62,"column":41},"end":{"line":73,"column":1}},"line":62}},"branchMap":{},"s":{"0":5,"1":5,"2":5,"3":5,"4":5,"5":5,"6":5,"7":5,"8":5,"9":5,"10":5,"11":5,"12":5,"13":5,"14":5,"15":5,"16":5,"17":5,"18":5,"19":5,"20":5,"21":5,"22":5,"23":5,"24":5,"25":5,"26":5,"27":5,"28":5,"29":5,"30":5,"31":5,"32":5,"33":5,"34":1,"35":5,"36":2,"37":2,"38":1,"39":1,"40":1,"41":5},"f":{"0":1,"1":2},"b":{},"_coverageSchema":"1a1c01bbd47fc00a2c39e90264f33305004495a9","hash":"9f6fb9434bb0c2ae399f6c4768cd3ad314361898"}
,"C:\\Users\\Matheus\\Desktop\\Projetos Pessoais\\A3 2026.1\\Sprint 03\\essence project\\backend\\src\\controllers\\addressController.js": {"path":"C:\\Users\\Matheus\\Desktop\\Projetos Pessoais\\A3 2026.1\\Sprint 03\\essence project\\backend\\src\\controllers\\addressController.js","statementMap":{"0":{"start":{"line":1,"column":11},"end":{"line":1,"column":40}},"1":{"start":{"line":3,"column":26},"end":{"line":92,"column":1}},"2":{"start":{"line":6,"column":23},"end":{"line":6,"column":34}},"3":{"start":{"line":7,"column":4},"end":{"line":16,"column":5}},"4":{"start":{"line":8,"column":21},"end":{"line":11,"column":7}},"5":{"start":{"line":12,"column":6},"end":{"line":12,"column":40}},"6":{"start":{"line":14,"column":6},"end":{"line":14,"column":56}},"7":{"start":{"line":15,"column":6},"end":{"line":15,"column":81}},"8":{"start":{"line":21,"column":23},"end":{"line":21,"column":34}},"9":{"start":{"line":22,"column":73},"end":{"line":22,"column":81}},"10":{"start":{"line":24,"column":4},"end":{"line":52,"column":5}},"11":{"start":{"line":26,"column":6},"end":{"line":34,"column":7}},"12":{"start":{"line":27,"column":8},"end":{"line":27,"column":100}},"13":{"start":{"line":30,"column":27},"end":{"line":30,"column":104}},"14":{"start":{"line":31,"column":8},"end":{"line":33,"column":9}},"15":{"start":{"line":32,"column":10},"end":{"line":32,"column":36}},"16":{"start":{"line":36,"column":23},"end":{"line":40,"column":7}},"17":{"start":{"line":42,"column":27},"end":{"line":42,"column":100}},"18":{"start":{"line":44,"column":6},"end":{"line":47,"column":9}},"19":{"start":{"line":50,"column":6},"end":{"line":50,"column":58}},"20":{"start":{"line":51,"column":6},"end":{"line":51,"column":78}},"21":{"start":{"line":56,"column":23},"end":{"line":56,"column":34}},"22":{"start":{"line":57,"column":19},"end":{"line":57,"column":29}},"23":{"start":{"line":58,"column":73},"end":{"line":58,"column":81}},"24":{"start":{"line":59,"column":4},"end":{"line":76,"column":5}},"25":{"start":{"line":61,"column":21},"end":{"line":61,"column":113}},"26":{"start":{"line":62,"column":6},"end":{"line":62,"column":96}},"27":{"start":{"line":62,"column":29},"end":{"line":62,"column":96}},"28":{"start":{"line":64,"column":6},"end":{"line":66,"column":7}},"29":{"start":{"line":65,"column":8},"end":{"line":65,"column":100}},"30":{"start":{"line":67,"column":6},"end":{"line":70,"column":8}},"31":{"start":{"line":71,"column":24},"end":{"line":71,"column":84}},"32":{"start":{"line":72,"column":6},"end":{"line":72,"column":92}},"33":{"start":{"line":74,"column":6},"end":{"line":74,"column":58}},"34":{"start":{"line":75,"column":6},"end":{"line":75,"column":78}},"35":{"start":{"line":80,"column":23},"end":{"line":80,"column":34}},"36":{"start":{"line":81,"column":19},"end":{"line":81,"column":29}},"37":{"start":{"line":82,"column":4},"end":{"line":90,"column":5}},"38":{"start":{"line":83,"column":21},"end":{"line":83,"column":113}},"39":{"start":{"line":84,"column":6},"end":{"line":84,"column":96}},"40":{"start":{"line":84,"column":29},"end":{"line":84,"column":96}},"41":{"start":{"line":85,"column":6},"end":{"line":85,"column":65}},"42":{"start":{"line":86,"column":6},"end":{"line":86,"column":81}},"43":{"start":{"line":88,"column":6},"end":{"line":88,"column":56}},"44":{"start":{"line":89,"column":6},"end":{"line":89,"column":76}},"45":{"start":{"line":94,"column":0},"end":{"line":94,"column":35}}},"fnMap":{"0":{"name":"(anonymous_0)","decl":{"start":{"line":5,"column":2},"end":{"line":5,"column":3}},"loc":{"start":{"line":5,"column":31},"end":{"line":17,"column":3}},"line":5},"1":{"name":"(anonymous_1)","decl":{"start":{"line":20,"column":2},"end":{"line":20,"column":3}},"loc":{"start":{"line":20,"column":29},"end":{"line":53,"column":3}},"line":20},"2":{"name":"(anonymous_2)","decl":{"start":{"line":55,"column":2},"end":{"line":55,"column":3}},"loc":{"start":{"line":55,"column":32},"end":{"line":77,"column":3}},"line":55},"3":{"name":"(anonymous_3)","decl":{"start":{"line":79,"column":2},"end":{"line":79,"column":3}},"loc":{"start":{"line":79,"column":32},"end":{"line":91,"column":3}},"line":79}},"branchMap":{"0":{"loc":{"start":{"line":26,"column":6},"end":{"line":34,"column":7}},"type":"if","locations":[{"start":{"line":26,"column":6},"end":{"line":34,"column":7}},{"start":{"line":28,"column":13},"end":{"line":34,"column":7}}],"line":26},"1":{"loc":{"start":{"line":31,"column":8},"end":{"line":33,"column":9}},"type":"if","locations":[{"start":{"line":31,"column":8},"end":{"line":33,"column":9}},{"start":{},"end":{}}],"line":31},"2":{"loc":{"start":{"line":39,"column":55},"end":{"line":39,"column":74}},"type":"binary-expr","locations":[{"start":{"line":39,"column":55},"end":{"line":39,"column":66}},{"start":{"line":39,"column":70},"end":{"line":39,"column":74}}],"line":39},"3":{"loc":{"start":{"line":39,"column":76},"end":{"line":39,"column":94}},"type":"binary-expr","locations":[{"start":{"line":39,"column":76},"end":{"line":39,"column":85}},{"start":{"line":39,"column":89},"end":{"line":39,"column":94}}],"line":39},"4":{"loc":{"start":{"line":62,"column":6},"end":{"line":62,"column":96}},"type":"if","locations":[{"start":{"line":62,"column":6},"end":{"line":62,"column":96}},{"start":{},"end":{}}],"line":62},"5":{"loc":{"start":{"line":64,"column":6},"end":{"line":66,"column":7}},"type":"if","locations":[{"start":{"line":64,"column":6},"end":{"line":66,"column":7}},{"start":{},"end":{}}],"line":64},"6":{"loc":{"start":{"line":69,"column":43},"end":{"line":69,"column":62}},"type":"binary-expr","locations":[{"start":{"line":69,"column":43},"end":{"line":69,"column":54}},{"start":{"line":69,"column":58},"end":{"line":69,"column":62}}],"line":69},"7":{"loc":{"start":{"line":69,"column":64},"end":{"line":69,"column":82}},"type":"binary-expr","locations":[{"start":{"line":69,"column":64},"end":{"line":69,"column":73}},{"start":{"line":69,"column":77},"end":{"line":69,"column":82}}],"line":69},"8":{"loc":{"start":{"line":84,"column":6},"end":{"line":84,"column":96}},"type":"if","locations":[{"start":{"line":84,"column":6},"end":{"line":84,"column":96}},{"start":{},"end":{}}],"line":84}},"s":{"0":6,"1":6,"2":2,"3":2,"4":2,"5":1,"6":1,"7":1,"8":3,"9":3,"10":3,"11":3,"12":1,"13":2,"14":1,"15":1,"16":2,"17":2,"18":2,"19":1,"20":1,"21":3,"22":3,"23":3,"24":3,"25":3,"26":2,"27":1,"28":1,"29":1,"30":1,"31":1,"32":1,"33":1,"34":1,"35":3,"36":3,"37":3,"38":3,"39":2,"40":1,"41":1,"42":1,"43":1,"44":1,"45":6},"f":{"0":2,"1":3,"2":3,"3":3},"b":{"0":[1,2],"1":[1,0],"2":[2,2],"3":[2,1],"4":[1,1],"5":[1,0],"6":[1,1],"7":[1,0],"8":[1,1]},"_coverageSchema":"1a1c01bbd47fc00a2c39e90264f33305004495a9","hash":"770b5b640c776c3f79a3de8242c3825d7416b4c6"}
,"C:\\Users\\Matheus\\Desktop\\Projetos Pessoais\\A3 2026.1\\Sprint 03\\essence project\\backend\\src\\controllers\\authController.js": {"path":"C:\\Users\\Matheus\\Desktop\\Projetos Pessoais\\A3 2026.1\\Sprint 03\\essence project\\backend\\src\\controllers\\authController.js","statementMap":{"0":{"start":{"line":1,"column":15},"end":{"line":1,"column":34}},"1":{"start":{"line":2,"column":12},"end":{"line":2,"column":35}},"2":{"start":{"line":3,"column":11},"end":{"line":3,"column":40}},"3":{"start":{"line":8,"column":2},"end":{"line":8,"column":42}},"4":{"start":{"line":8,"column":31},"end":{"line":8,"column":42}},"5":{"start":{"line":9,"column":2},"end":{"line":9,"column":44}},"6":{"start":{"line":12,"column":23},"end":{"line":170,"column":1}},"7":{"start":{"line":16,"column":17},"end":{"line":16,"column":45}},"8":{"start":{"line":17,"column":18},"end":{"line":17,"column":47}},"9":{"start":{"line":18,"column":16},"end":{"line":18,"column":43}},"10":{"start":{"line":19,"column":18},"end":{"line":19,"column":32}},"11":{"start":{"line":20,"column":28},"end":{"line":20,"column":52}},"12":{"start":{"line":23,"column":4},"end":{"line":25,"column":5}},"13":{"start":{"line":24,"column":6},"end":{"line":24,"column":96}},"14":{"start":{"line":27,"column":4},"end":{"line":29,"column":5}},"15":{"start":{"line":28,"column":6},"end":{"line":28,"column":115}},"16":{"start":{"line":31,"column":4},"end":{"line":33,"column":5}},"17":{"start":{"line":32,"column":6},"end":{"line":32,"column":110}},"18":{"start":{"line":35,"column":4},"end":{"line":65,"column":5}},"19":{"start":{"line":37,"column":29},"end":{"line":40,"column":7}},"20":{"start":{"line":42,"column":6},"end":{"line":44,"column":7}},"21":{"start":{"line":43,"column":8},"end":{"line":43,"column":79}},"22":{"start":{"line":47,"column":19},"end":{"line":47,"column":43}},"23":{"start":{"line":48,"column":24},"end":{"line":48,"column":54}},"24":{"start":{"line":51,"column":23},"end":{"line":55,"column":7}},"25":{"start":{"line":57,"column":6},"end":{"line":60,"column":9}},"26":{"start":{"line":63,"column":6},"end":{"line":63,"column":27}},"27":{"start":{"line":64,"column":6},"end":{"line":64,"column":87}},"28":{"start":{"line":71,"column":18},"end":{"line":71,"column":47}},"29":{"start":{"line":72,"column":18},"end":{"line":72,"column":32}},"30":{"start":{"line":74,"column":4},"end":{"line":109,"column":5}},"31":{"start":{"line":75,"column":22},"end":{"line":75,"column":87}},"32":{"start":{"line":77,"column":6},"end":{"line":79,"column":7}},"33":{"start":{"line":78,"column":8},"end":{"line":78,"column":73}},"34":{"start":{"line":81,"column":19},"end":{"line":81,"column":27}},"35":{"start":{"line":82,"column":30},"end":{"line":82,"column":74}},"36":{"start":{"line":84,"column":6},"end":{"line":86,"column":7}},"37":{"start":{"line":85,"column":8},"end":{"line":85,"column":73}},"38":{"start":{"line":89,"column":20},"end":{"line":93,"column":7}},"39":{"start":{"line":95,"column":6},"end":{"line":104,"column":9}},"40":{"start":{"line":107,"column":6},"end":{"line":107,"column":27}},"41":{"start":{"line":108,"column":6},"end":{"line":108,"column":69}},"42":{"start":{"line":114,"column":18},"end":{"line":114,"column":47}},"43":{"start":{"line":116,"column":4},"end":{"line":118,"column":5}},"44":{"start":{"line":117,"column":6},"end":{"line":117,"column":70}},"45":{"start":{"line":120,"column":4},"end":{"line":130,"column":5}},"46":{"start":{"line":122,"column":6},"end":{"line":122,"column":73}},"47":{"start":{"line":125,"column":6},"end":{"line":125,"column":112}},"48":{"start":{"line":128,"column":6},"end":{"line":128,"column":60}},"49":{"start":{"line":129,"column":6},"end":{"line":129,"column":98}},"50":{"start":{"line":135,"column":4},"end":{"line":149,"column":5}},"51":{"start":{"line":136,"column":22},"end":{"line":139,"column":7}},"52":{"start":{"line":141,"column":6},"end":{"line":143,"column":7}},"53":{"start":{"line":142,"column":8},"end":{"line":142,"column":74}},"54":{"start":{"line":145,"column":6},"end":{"line":145,"column":44}},"55":{"start":{"line":147,"column":6},"end":{"line":147,"column":27}},"56":{"start":{"line":148,"column":6},"end":{"line":148,"column":80}},"57":{"start":{"line":154,"column":38},"end":{"line":154,"column":46}},"58":{"start":{"line":155,"column":4},"end":{"line":168,"column":5}},"59":{"start":{"line":156,"column":6},"end":{"line":159,"column":8}},"60":{"start":{"line":160,"column":24},"end":{"line":163,"column":7}},"61":{"start":{"line":164,"column":6},"end":{"line":164,"column":46}},"62":{"start":{"line":166,"column":6},"end":{"line":166,"column":27}},"63":{"start":{"line":167,"column":6},"end":{"line":167,"column":74}},"64":{"start":{"line":172,"column":0},"end":{"line":172,"column":32}}},"fnMap":{"0":{"name":"sanitizeInput","decl":{"start":{"line":7,"column":9},"end":{"line":7,"column":22}},"loc":{"start":{"line":7,"column":28},"end":{"line":10,"column":1}},"line":7},"1":{"name":"(anonymous_1)","decl":{"start":{"line":14,"column":2},"end":{"line":14,"column":3}},"loc":{"start":{"line":14,"column":27},"end":{"line":66,"column":3}},"line":14},"2":{"name":"(anonymous_2)","decl":{"start":{"line":69,"column":2},"end":{"line":69,"column":3}},"loc":{"start":{"line":69,"column":24},"end":{"line":110,"column":3}},"line":69},"3":{"name":"(anonymous_3)","decl":{"start":{"line":113,"column":2},"end":{"line":113,"column":3}},"loc":{"start":{"line":113,"column":33},"end":{"line":131,"column":3}},"line":113},"4":{"name":"(anonymous_4)","decl":{"start":{"line":134,"column":2},"end":{"line":134,"column":3}},"loc":{"start":{"line":134,"column":24},"end":{"line":150,"column":3}},"line":134},"5":{"name":"(anonymous_5)","decl":{"start":{"line":153,"column":2},"end":{"line":153,"column":3}},"loc":{"start":{"line":153,"column":27},"end":{"line":169,"column":3}},"line":153}},"branchMap":{"0":{"loc":{"start":{"line":8,"column":2},"end":{"line":8,"column":42}},"type":"if","locations":[{"start":{"line":8,"column":2},"end":{"line":8,"column":42}},{"start":{},"end":{}}],"line":8},"1":{"loc":{"start":{"line":23,"column":4},"end":{"line":25,"column":5}},"type":"if","locations":[{"start":{"line":23,"column":4},"end":{"line":25,"column":5}},{"start":{},"end":{}}],"line":23},"2":{"loc":{"start":{"line":23,"column":8},"end":{"line":23,"column":38}},"type":"binary-expr","locations":[{"start":{"line":23,"column":8},"end":{"line":23,"column":14}},{"start":{"line":23,"column":18},"end":{"line":23,"column":38}}],"line":23},"3":{"loc":{"start":{"line":27,"column":4},"end":{"line":29,"column":5}},"type":"if","locations":[{"start":{"line":27,"column":4},"end":{"line":29,"column":5}},{"start":{},"end":{}}],"line":27},"4":{"loc":{"start":{"line":27,"column":8},"end":{"line":27,"column":34}},"type":"binary-expr","locations":[{"start":{"line":27,"column":8},"end":{"line":27,"column":14}},{"start":{"line":27,"column":18},"end":{"line":27,"column":34}}],"line":27},"5":{"loc":{"start":{"line":31,"column":4},"end":{"line":33,"column":5}},"type":"if","locations":[{"start":{"line":31,"column":4},"end":{"line":33,"column":5}},{"start":{},"end":{}}],"line":31},"6":{"loc":{"start":{"line":31,"column":8},"end":{"line":31,"column":33}},"type":"binary-expr","locations":[{"start":{"line":31,"column":8},"end":{"line":31,"column":12}},{"start":{"line":31,"column":16},"end":{"line":31,"column":33}}],"line":31},"7":{"loc":{"start":{"line":42,"column":6},"end":{"line":44,"column":7}},"type":"if","locations":[{"start":{"line":42,"column":6},"end":{"line":44,"column":7}},{"start":{},"end":{}}],"line":42},"8":{"loc":{"start":{"line":77,"column":6},"end":{"line":79,"column":7}},"type":"if","locations":[{"start":{"line":77,"column":6},"end":{"line":79,"column":7}},{"start":{},"end":{}}],"line":77},"9":{"loc":{"start":{"line":84,"column":6},"end":{"line":86,"column":7}},"type":"if","locations":[{"start":{"line":84,"column":6},"end":{"line":86,"column":7}},{"start":{},"end":{}}],"line":84},"10":{"loc":{"start":{"line":91,"column":8},"end":{"line":91,"column":60}},"type":"binary-expr","locations":[{"start":{"line":91,"column":8},"end":{"line":91,"column":30}},{"start":{"line":91,"column":34},"end":{"line":91,"column":60}}],"line":91},"11":{"loc":{"start":{"line":116,"column":4},"end":{"line":118,"column":5}},"type":"if","locations":[{"start":{"line":116,"column":4},"end":{"line":118,"column":5}},{"start":{},"end":{}}],"line":116},"12":{"loc":{"start":{"line":141,"column":6},"end":{"line":143,"column":7}},"type":"if","locations":[{"start":{"line":141,"column":6},"end":{"line":143,"column":7}},{"start":{},"end":{}}],"line":141},"13":{"loc":{"start":{"line":158,"column":15},"end":{"line":158,"column":38}},"type":"binary-expr","locations":[{"start":{"line":158,"column":15},"end":{"line":158,"column":30}},{"start":{"line":158,"column":34},"end":{"line":158,"column":38}}],"line":158}},"s":{"0":6,"1":6,"2":6,"3":38,"4":5,"5":33,"6":6,"7":10,"8":10,"9":10,"10":10,"11":10,"12":10,"13":2,"14":8,"15":2,"16":6,"17":1,"18":5,"19":5,"20":4,"21":2,"22":2,"23":2,"24":2,"25":2,"26":1,"27":1,"28":5,"29":5,"30":5,"31":5,"32":4,"33":1,"34":3,"35":3,"36":3,"37":1,"38":2,"39":2,"40":1,"41":1,"42":3,"43":3,"44":1,"45":2,"46":2,"47":1,"48":1,"49":1,"50":3,"51":3,"52":2,"53":1,"54":1,"55":1,"56":1,"57":2,"58":2,"59":2,"60":1,"61":1,"62":1,"63":1,"64":6},"f":{"0":38,"1":10,"2":5,"3":3,"4":3,"5":2},"b":{"0":[5,33],"1":[2,8],"2":[10,10],"3":[2,6],"4":[8,8],"5":[1,5],"6":[6,6],"7":[2,2],"8":[1,3],"9":[1,2],"10":[2,1],"11":[1,2],"12":[1,1],"13":[2,0]},"_coverageSchema":"1a1c01bbd47fc00a2c39e90264f33305004495a9","hash":"e17985c4997d0c8f5c2cb2ba67516bf52c78d42e"}
,"C:\\Users\\Matheus\\Desktop\\Projetos Pessoais\\A3 2026.1\\Sprint 03\\essence project\\backend\\src\\controllers\\cartController.js": {"path":"C:\\Users\\Matheus\\Desktop\\Projetos Pessoais\\A3 2026.1\\Sprint 03\\essence project\\backend\\src\\controllers\\cartController.js","statementMap":{"0":{"start":{"line":1,"column":11},"end":{"line":1,"column":40}},"1":{"start":{"line":3,"column":23},"end":{"line":159,"column":1}},"2":{"start":{"line":6,"column":40},"end":{"line":6,"column":48}},"3":{"start":{"line":7,"column":23},"end":{"line":7,"column":34}},"4":{"start":{"line":9,"column":4},"end":{"line":68,"column":5}},"5":{"start":{"line":11,"column":25},"end":{"line":14,"column":7}},"6":{"start":{"line":16,"column":6},"end":{"line":18,"column":7}},"7":{"start":{"line":17,"column":8},"end":{"line":17,"column":97}},"8":{"start":{"line":20,"column":6},"end":{"line":24,"column":7}},"9":{"start":{"line":21,"column":8},"end":{"line":23,"column":11}},"10":{"start":{"line":27,"column":23},"end":{"line":27,"column":99}},"11":{"start":{"line":30,"column":6},"end":{"line":35,"column":7}},"12":{"start":{"line":31,"column":31},"end":{"line":31,"column":107}},"13":{"start":{"line":32,"column":8},"end":{"line":32,"column":44}},"14":{"start":{"line":34,"column":8},"end":{"line":34,"column":37}},"15":{"start":{"line":38,"column":26},"end":{"line":41,"column":7}},"16":{"start":{"line":43,"column":6},"end":{"line":61,"column":7}},"17":{"start":{"line":45,"column":25},"end":{"line":45,"column":61}},"18":{"start":{"line":47,"column":8},"end":{"line":49,"column":9}},"19":{"start":{"line":48,"column":12},"end":{"line":48,"column":108}},"20":{"start":{"line":51,"column":8},"end":{"line":54,"column":10}},"21":{"start":{"line":57,"column":8},"end":{"line":60,"column":10}},"22":{"start":{"line":63,"column":6},"end":{"line":63,"column":91}},"23":{"start":{"line":66,"column":6},"end":{"line":66,"column":27}},"24":{"start":{"line":67,"column":6},"end":{"line":67,"column":82}},"25":{"start":{"line":73,"column":23},"end":{"line":73,"column":34}},"26":{"start":{"line":75,"column":4},"end":{"line":106,"column":5}},"27":{"start":{"line":76,"column":21},"end":{"line":93,"column":22}},"28":{"start":{"line":96,"column":35},"end":{"line":96,"column":93}},"29":{"start":{"line":96,"column":62},"end":{"line":96,"column":89}},"30":{"start":{"line":98,"column":6},"end":{"line":101,"column":9}},"31":{"start":{"line":104,"column":6},"end":{"line":104,"column":27}},"32":{"start":{"line":105,"column":6},"end":{"line":105,"column":84}},"33":{"start":{"line":111,"column":28},"end":{"line":111,"column":38}},"34":{"start":{"line":112,"column":23},"end":{"line":112,"column":34}},"35":{"start":{"line":114,"column":4},"end":{"line":125,"column":5}},"36":{"start":{"line":115,"column":6},"end":{"line":119,"column":36}},"37":{"start":{"line":121,"column":6},"end":{"line":121,"column":77}},"38":{"start":{"line":123,"column":6},"end":{"line":123,"column":27}},"39":{"start":{"line":124,"column":6},"end":{"line":124,"column":82}},"40":{"start":{"line":130,"column":28},"end":{"line":130,"column":38}},"41":{"start":{"line":131,"column":27},"end":{"line":131,"column":35}},"42":{"start":{"line":132,"column":23},"end":{"line":132,"column":34}},"43":{"start":{"line":134,"column":4},"end":{"line":136,"column":5}},"44":{"start":{"line":135,"column":6},"end":{"line":135,"column":86}},"45":{"start":{"line":138,"column":4},"end":{"line":157,"column":5}},"46":{"start":{"line":140,"column":25},"end":{"line":140,"column":129}},"47":{"start":{"line":142,"column":6},"end":{"line":142,"column":100}},"48":{"start":{"line":142,"column":33},"end":{"line":142,"column":100}},"49":{"start":{"line":143,"column":6},"end":{"line":143,"column":134}},"50":{"start":{"line":143,"column":48},"end":{"line":143,"column":134}},"51":{"start":{"line":146,"column":6},"end":{"line":151,"column":48}},"52":{"start":{"line":153,"column":6},"end":{"line":153,"column":85}},"53":{"start":{"line":155,"column":6},"end":{"line":155,"column":25}},"54":{"start":{"line":156,"column":6},"end":{"line":156,"column":76}},"55":{"start":{"line":161,"column":0},"end":{"line":161,"column":32}}},"fnMap":{"0":{"name":"(anonymous_0)","decl":{"start":{"line":5,"column":2},"end":{"line":5,"column":3}},"loc":{"start":{"line":5,"column":26},"end":{"line":69,"column":3}},"line":5},"1":{"name":"(anonymous_1)","decl":{"start":{"line":72,"column":2},"end":{"line":72,"column":3}},"loc":{"start":{"line":72,"column":26},"end":{"line":107,"column":3}},"line":72},"2":{"name":"(anonymous_2)","decl":{"start":{"line":96,"column":47},"end":{"line":96,"column":48}},"loc":{"start":{"line":96,"column":62},"end":{"line":96,"column":89}},"line":96},"3":{"name":"(anonymous_3)","decl":{"start":{"line":110,"column":2},"end":{"line":110,"column":3}},"loc":{"start":{"line":110,"column":29},"end":{"line":126,"column":3}},"line":110},"4":{"name":"(anonymous_4)","decl":{"start":{"line":129,"column":2},"end":{"line":129,"column":3}},"loc":{"start":{"line":129,"column":37},"end":{"line":158,"column":3}},"line":129}},"branchMap":{"0":{"loc":{"start":{"line":16,"column":6},"end":{"line":18,"column":7}},"type":"if","locations":[{"start":{"line":16,"column":6},"end":{"line":18,"column":7}},{"start":{},"end":{}}],"line":16},"1":{"loc":{"start":{"line":20,"column":6},"end":{"line":24,"column":7}},"type":"if","locations":[{"start":{"line":20,"column":6},"end":{"line":24,"column":7}},{"start":{},"end":{}}],"line":20},"2":{"loc":{"start":{"line":30,"column":6},"end":{"line":35,"column":7}},"type":"if","locations":[{"start":{"line":30,"column":6},"end":{"line":35,"column":7}},{"start":{"line":33,"column":13},"end":{"line":35,"column":7}}],"line":30},"3":{"loc":{"start":{"line":43,"column":6},"end":{"line":61,"column":7}},"type":"if","locations":[{"start":{"line":43,"column":6},"end":{"line":61,"column":7}},{"start":{"line":55,"column":13},"end":{"line":61,"column":7}}],"line":43},"4":{"loc":{"start":{"line":47,"column":8},"end":{"line":49,"column":9}},"type":"if","locations":[{"start":{"line":47,"column":8},"end":{"line":49,"column":9}},{"start":{},"end":{}}],"line":47},"5":{"loc":{"start":{"line":134,"column":4},"end":{"line":136,"column":5}},"type":"if","locations":[{"start":{"line":134,"column":4},"end":{"line":136,"column":5}},{"start":{},"end":{}}],"line":134},"6":{"loc":{"start":{"line":142,"column":6},"end":{"line":142,"column":100}},"type":"if","locations":[{"start":{"line":142,"column":6},"end":{"line":142,"column":100}},{"start":{},"end":{}}],"line":142},"7":{"loc":{"start":{"line":143,"column":6},"end":{"line":143,"column":134}},"type":"if","locations":[{"start":{"line":143,"column":6},"end":{"line":143,"column":134}},{"start":{},"end":{}}],"line":143}},"s":{"0":6,"1":6,"2":6,"3":6,"4":6,"5":6,"6":5,"7":1,"8":4,"9":1,"10":3,"11":3,"12":1,"13":1,"14":2,"15":3,"16":3,"17":2,"18":2,"19":1,"20":1,"21":1,"22":2,"23":1,"24":1,"25":2,"26":2,"27":2,"28":1,"29":2,"30":1,"31":1,"32":1,"33":2,"34":2,"35":2,"36":2,"37":1,"38":1,"39":1,"40":4,"41":4,"42":4,"43":4,"44":1,"45":3,"46":3,"47":2,"48":0,"49":2,"50":1,"51":1,"52":1,"53":1,"54":1,"55":6},"f":{"0":6,"1":2,"2":2,"3":2,"4":4},"b":{"0":[1,4],"1":[1,3],"2":[1,2],"3":[2,1],"4":[1,1],"5":[1,3],"6":[0,2],"7":[1,1]},"_coverageSchema":"1a1c01bbd47fc00a2c39e90264f33305004495a9","hash":"fd9386a97606f49f8d0cbbff9da4e3fa4e63986c"}
,"C:\\Users\\Matheus\\Desktop\\Projetos Pessoais\\A3 2026.1\\Sprint 03\\essence project\\backend\\src\\controllers\\couponController.js": {"path":"C:\\Users\\Matheus\\Desktop\\Projetos Pessoais\\A3 2026.1\\Sprint 03\\essence project\\backend\\src\\controllers\\couponController.js","statementMap":{"0":{"start":{"line":1,"column":11},"end":{"line":1,"column":40}},"1":{"start":{"line":3,"column":25},"end":{"line":48,"column":1}},"2":{"start":{"line":7,"column":23},"end":{"line":7,"column":31}},"3":{"start":{"line":9,"column":4},"end":{"line":11,"column":5}},"4":{"start":{"line":10,"column":6},"end":{"line":10,"column":75}},"5":{"start":{"line":13,"column":4},"end":{"line":46,"column":5}},"6":{"start":{"line":14,"column":21},"end":{"line":18,"column":7}},"7":{"start":{"line":20,"column":6},"end":{"line":22,"column":7}},"8":{"start":{"line":21,"column":8},"end":{"line":21,"column":72}},"9":{"start":{"line":24,"column":20},"end":{"line":24,"column":27}},"10":{"start":{"line":26,"column":6},"end":{"line":28,"column":7}},"11":{"start":{"line":27,"column":8},"end":{"line":27,"column":78}},"12":{"start":{"line":30,"column":6},"end":{"line":32,"column":7}},"13":{"start":{"line":31,"column":8},"end":{"line":31,"column":76}},"14":{"start":{"line":34,"column":6},"end":{"line":41,"column":9}},"15":{"start":{"line":44,"column":6},"end":{"line":44,"column":53}},"16":{"start":{"line":45,"column":6},"end":{"line":45,"column":71}},"17":{"start":{"line":50,"column":0},"end":{"line":50,"column":34}}},"fnMap":{"0":{"name":"(anonymous_0)","decl":{"start":{"line":6,"column":2},"end":{"line":6,"column":3}},"loc":{"start":{"line":6,"column":27},"end":{"line":47,"column":3}},"line":6}},"branchMap":{"0":{"loc":{"start":{"line":9,"column":4},"end":{"line":11,"column":5}},"type":"if","locations":[{"start":{"line":9,"column":4},"end":{"line":11,"column":5}},{"start":{},"end":{}}],"line":9},"1":{"loc":{"start":{"line":9,"column":8},"end":{"line":9,"column":39}},"type":"binary-expr","locations":[{"start":{"line":9,"column":8},"end":{"line":9,"column":15}},{"start":{"line":9,"column":19},"end":{"line":9,"column":39}}],"line":9},"2":{"loc":{"start":{"line":20,"column":6},"end":{"line":22,"column":7}},"type":"if","locations":[{"start":{"line":20,"column":6},"end":{"line":22,"column":7}},{"start":{},"end":{}}],"line":20},"3":{"loc":{"start":{"line":26,"column":6},"end":{"line":28,"column":7}},"type":"if","locations":[{"start":{"line":26,"column":6},"end":{"line":28,"column":7}},{"start":{},"end":{}}],"line":26},"4":{"loc":{"start":{"line":30,"column":6},"end":{"line":32,"column":7}},"type":"if","locations":[{"start":{"line":30,"column":6},"end":{"line":32,"column":7}},{"start":{},"end":{}}],"line":30}},"s":{"0":6,"1":6,"2":7,"3":7,"4":1,"5":6,"6":6,"7":5,"8":1,"9":4,"10":4,"11":1,"12":3,"13":1,"14":2,"15":1,"16":1,"17":6},"f":{"0":7},"b":{"0":[1,6],"1":[7,6],"2":[1,4],"3":[1,3],"4":[1,2]},"_coverageSchema":"1a1c01bbd47fc00a2c39e90264f33305004495a9","hash":"8d78a2d2648d58beec20fe1605a3aa435fc1f63c"}
,"C:\\Users\\Matheus\\Desktop\\Projetos Pessoais\\A3 2026.1\\Sprint 03\\essence project\\backend\\src\\controllers\\dashboardController.js": {"path":"C:\\Users\\Matheus\\Desktop\\Projetos Pessoais\\A3 2026.1\\Sprint 03\\essence project\\backend\\src\\controllers\\dashboardController.js","statementMap":{"0":{"start":{"line":1,"column":11},"end":{"line":1,"column":40}},"1":{"start":{"line":3,"column":28},"end":{"line":143,"column":1}},"2":{"start":{"line":6,"column":4},"end":{"line":141,"column":5}},"3":{"start":{"line":23,"column":10},"end":{"line":117,"column":8}},"4":{"start":{"line":119,"column":6},"end":{"line":136,"column":9}},"5":{"start":{"line":139,"column":6},"end":{"line":139,"column":68}},"6":{"start":{"line":140,"column":6},"end":{"line":140,"column":75}},"7":{"start":{"line":145,"column":0},"end":{"line":145,"column":37}}},"fnMap":{"0":{"name":"(anonymous_0)","decl":{"start":{"line":5,"column":2},"end":{"line":5,"column":3}},"loc":{"start":{"line":5,"column":29},"end":{"line":142,"column":3}},"line":5}},"branchMap":{},"s":{"0":6,"1":6,"2":3,"3":3,"4":2,"5":1,"6":1,"7":6},"f":{"0":3},"b":{},"_coverageSchema":"1a1c01bbd47fc00a2c39e90264f33305004495a9","hash":"6fab948bcce8a18eb4933805dc1e09bd2b0f6aa5"}
,"C:\\Users\\Matheus\\Desktop\\Projetos Pessoais\\A3 2026.1\\Sprint 03\\essence project\\backend\\src\\controllers\\favoriteController.js": {"path":"C:\\Users\\Matheus\\Desktop\\Projetos Pessoais\\A3 2026.1\\Sprint 03\\essence project\\backend\\src\\controllers\\favoriteController.js","statementMap":{"0":{"start":{"line":1,"column":11},"end":{"line":1,"column":40}},"1":{"start":{"line":3,"column":27},"end":{"line":62,"column":1}},"2":{"start":{"line":6,"column":27},"end":{"line":6,"column":35}},"3":{"start":{"line":7,"column":23},"end":{"line":7,"column":34}},"4":{"start":{"line":9,"column":4},"end":{"line":18,"column":5}},"5":{"start":{"line":10,"column":6},"end":{"line":10,"column":111}},"6":{"start":{"line":11,"column":6},"end":{"line":11,"column":76}},"7":{"start":{"line":13,"column":6},"end":{"line":15,"column":7}},"8":{"start":{"line":14,"column":8},"end":{"line":14,"column":77}},"9":{"start":{"line":16,"column":6},"end":{"line":16,"column":27}},"10":{"start":{"line":17,"column":6},"end":{"line":17,"column":75}},"11":{"start":{"line":23,"column":27},"end":{"line":23,"column":37}},"12":{"start":{"line":24,"column":23},"end":{"line":24,"column":34}},"13":{"start":{"line":26,"column":4},"end":{"line":32,"column":5}},"14":{"start":{"line":27,"column":6},"end":{"line":27,"column":112}},"15":{"start":{"line":28,"column":6},"end":{"line":28,"column":74}},"16":{"start":{"line":30,"column":6},"end":{"line":30,"column":27}},"17":{"start":{"line":31,"column":6},"end":{"line":31,"column":74}},"18":{"start":{"line":37,"column":23},"end":{"line":37,"column":34}},"19":{"start":{"line":39,"column":4},"end":{"line":60,"column":5}},"20":{"start":{"line":40,"column":21},"end":{"line":54,"column":22}},"21":{"start":{"line":56,"column":6},"end":{"line":56,"column":40}},"22":{"start":{"line":58,"column":6},"end":{"line":58,"column":27}},"23":{"start":{"line":59,"column":6},"end":{"line":59,"column":83}},"24":{"start":{"line":64,"column":0},"end":{"line":64,"column":36}}},"fnMap":{"0":{"name":"(anonymous_0)","decl":{"start":{"line":5,"column":2},"end":{"line":5,"column":3}},"loc":{"start":{"line":5,"column":30},"end":{"line":19,"column":3}},"line":5},"1":{"name":"(anonymous_1)","decl":{"start":{"line":22,"column":2},"end":{"line":22,"column":3}},"loc":{"start":{"line":22,"column":33},"end":{"line":33,"column":3}},"line":22},"2":{"name":"(anonymous_2)","decl":{"start":{"line":36,"column":2},"end":{"line":36,"column":3}},"loc":{"start":{"line":36,"column":31},"end":{"line":61,"column":3}},"line":36}},"branchMap":{"0":{"loc":{"start":{"line":13,"column":6},"end":{"line":15,"column":7}},"type":"if","locations":[{"start":{"line":13,"column":6},"end":{"line":15,"column":7}},{"start":{},"end":{}}],"line":13}},"s":{"0":6,"1":6,"2":3,"3":3,"4":3,"5":3,"6":1,"7":2,"8":1,"9":1,"10":1,"11":2,"12":2,"13":2,"14":2,"15":1,"16":1,"17":1,"18":2,"19":2,"20":2,"21":1,"22":1,"23":1,"24":6},"f":{"0":3,"1":2,"2":2},"b":{"0":[1,1]},"_coverageSchema":"1a1c01bbd47fc00a2c39e90264f33305004495a9","hash":"b7bcfea9c9b47fc6a75c6de1ce9c0e6de8176e37"}
,"C:\\Users\\Matheus\\Desktop\\Projetos Pessoais\\A3 2026.1\\Sprint 03\\essence project\\backend\\src\\controllers\\orderController.js": {"path":"C:\\Users\\Matheus\\Desktop\\Projetos Pessoais\\A3 2026.1\\Sprint 03\\essence project\\backend\\src\\controllers\\orderController.js","statementMap":{"0":{"start":{"line":1,"column":11},"end":{"line":1,"column":40}},"1":{"start":{"line":2,"column":15},"end":{"line":2,"column":63}},"2":{"start":{"line":4,"column":24},"end":{"line":299,"column":1}},"3":{"start":{"line":8,"column":23},"end":{"line":8,"column":34}},"4":{"start":{"line":9,"column":4},"end":{"line":39,"column":5}},"5":{"start":{"line":10,"column":23},"end":{"line":18,"column":22}},"6":{"start":{"line":20,"column":29},"end":{"line":33,"column":9}},"7":{"start":{"line":21,"column":24},"end":{"line":31,"column":22}},"8":{"start":{"line":32,"column":8},"end":{"line":32,"column":35}},"9":{"start":{"line":35,"column":6},"end":{"line":35,"column":50}},"10":{"start":{"line":37,"column":6},"end":{"line":37,"column":54}},"11":{"start":{"line":38,"column":6},"end":{"line":38,"column":85}},"12":{"start":{"line":44,"column":23},"end":{"line":44,"column":34}},"13":{"start":{"line":46,"column":4},"end":{"line":84,"column":5}},"14":{"start":{"line":48,"column":25},"end":{"line":48,"column":101}},"15":{"start":{"line":49,"column":6},"end":{"line":49,"column":100}},"16":{"start":{"line":49,"column":33},"end":{"line":49,"column":100}},"17":{"start":{"line":50,"column":26},"end":{"line":50,"column":40}},"18":{"start":{"line":52,"column":22},"end":{"line":58,"column":23}},"19":{"start":{"line":60,"column":6},"end":{"line":60,"column":95}},"20":{"start":{"line":60,"column":30},"end":{"line":60,"column":95}},"21":{"start":{"line":63,"column":33},"end":{"line":63,"column":34}},"22":{"start":{"line":64,"column":6},"end":{"line":66,"column":7}},"23":{"start":{"line":65,"column":8},"end":{"line":65,"column":87}},"24":{"start":{"line":69,"column":28},"end":{"line":74,"column":8}},"25":{"start":{"line":76,"column":6},"end":{"line":79,"column":9}},"26":{"start":{"line":82,"column":6},"end":{"line":82,"column":60}},"27":{"start":{"line":83,"column":6},"end":{"line":83,"column":75}},"28":{"start":{"line":89,"column":23},"end":{"line":89,"column":34}},"29":{"start":{"line":90,"column":78},"end":{"line":90,"column":86}},"30":{"start":{"line":92,"column":23},"end":{"line":92,"column":47}},"31":{"start":{"line":93,"column":4},"end":{"line":196,"column":5}},"32":{"start":{"line":94,"column":6},"end":{"line":94,"column":42}},"33":{"start":{"line":97,"column":25},"end":{"line":97,"column":109}},"34":{"start":{"line":98,"column":6},"end":{"line":98,"column":77}},"35":{"start":{"line":98,"column":33},"end":{"line":98,"column":77}},"36":{"start":{"line":99,"column":26},"end":{"line":99,"column":40}},"37":{"start":{"line":102,"column":22},"end":{"line":107,"column":23}},"38":{"start":{"line":109,"column":6},"end":{"line":109,"column":72}},"39":{"start":{"line":109,"column":30},"end":{"line":109,"column":72}},"40":{"start":{"line":112,"column":6},"end":{"line":120,"column":7}},"41":{"start":{"line":113,"column":8},"end":{"line":115,"column":9}},"42":{"start":{"line":114,"column":10},"end":{"line":114,"column":61}},"43":{"start":{"line":116,"column":8},"end":{"line":119,"column":10}},"44":{"start":{"line":123,"column":24},"end":{"line":123,"column":25}},"45":{"start":{"line":124,"column":6},"end":{"line":126,"column":7}},"46":{"start":{"line":125,"column":8},"end":{"line":125,"column":60}},"47":{"start":{"line":129,"column":21},"end":{"line":129,"column":25}},"48":{"start":{"line":130,"column":30},"end":{"line":130,"column":31}},"49":{"start":{"line":131,"column":6},"end":{"line":147,"column":7}},"50":{"start":{"line":132,"column":28},"end":{"line":135,"column":9}},"51":{"start":{"line":136,"column":8},"end":{"line":146,"column":9}},"52":{"start":{"line":137,"column":24},"end":{"line":137,"column":36}},"53":{"start":{"line":138,"column":10},"end":{"line":145,"column":11}},"54":{"start":{"line":139,"column":12},"end":{"line":139,"column":32}},"55":{"start":{"line":140,"column":12},"end":{"line":144,"column":13}},"56":{"start":{"line":141,"column":14},"end":{"line":141,"column":90}},"57":{"start":{"line":142,"column":19},"end":{"line":144,"column":13}},"58":{"start":{"line":143,"column":14},"end":{"line":143,"column":86}},"59":{"start":{"line":149,"column":6},"end":{"line":149,"column":65}},"60":{"start":{"line":152,"column":32},"end":{"line":152,"column":43}},"61":{"start":{"line":153,"column":6},"end":{"line":160,"column":7}},"62":{"start":{"line":154,"column":25},"end":{"line":157,"column":9}},"63":{"start":{"line":158,"column":8},"end":{"line":158,"column":80}},"64":{"start":{"line":158,"column":33},"end":{"line":158,"column":80}},"65":{"start":{"line":159,"column":8},"end":{"line":159,"column":43}},"66":{"start":{"line":163,"column":28},"end":{"line":163,"column":68}},"67":{"start":{"line":164,"column":28},"end":{"line":167,"column":145}},"68":{"start":{"line":169,"column":23},"end":{"line":169,"column":43}},"69":{"start":{"line":172,"column":6},"end":{"line":177,"column":7}},"70":{"start":{"line":173,"column":8},"end":{"line":176,"column":70}},"71":{"start":{"line":180,"column":6},"end":{"line":180,"column":96}},"72":{"start":{"line":182,"column":6},"end":{"line":182,"column":32}},"73":{"start":{"line":184,"column":6},"end":{"line":188,"column":9}},"74":{"start":{"line":191,"column":6},"end":{"line":191,"column":34}},"75":{"start":{"line":192,"column":6},"end":{"line":192,"column":48}},"76":{"start":{"line":193,"column":6},"end":{"line":193,"column":96}},"77":{"start":{"line":195,"column":6},"end":{"line":195,"column":27}},"78":{"start":{"line":201,"column":4},"end":{"line":215,"column":5}},"79":{"start":{"line":202,"column":23},"end":{"line":209,"column":8}},"80":{"start":{"line":211,"column":6},"end":{"line":211,"column":42}},"81":{"start":{"line":213,"column":6},"end":{"line":213,"column":63}},"82":{"start":{"line":214,"column":6},"end":{"line":214,"column":72}},"83":{"start":{"line":220,"column":19},"end":{"line":220,"column":29}},"84":{"start":{"line":221,"column":23},"end":{"line":221,"column":31}},"85":{"start":{"line":223,"column":26},"end":{"line":223,"column":109}},"86":{"start":{"line":225,"column":4},"end":{"line":227,"column":5}},"87":{"start":{"line":226,"column":6},"end":{"line":226,"column":110}},"88":{"start":{"line":229,"column":4},"end":{"line":267,"column":5}},"89":{"start":{"line":231,"column":23},"end":{"line":231,"column":89}},"90":{"start":{"line":232,"column":6},"end":{"line":234,"column":7}},"91":{"start":{"line":233,"column":8},"end":{"line":233,"column":73}},"92":{"start":{"line":236,"column":26},"end":{"line":236,"column":42}},"93":{"start":{"line":239,"column":6},"end":{"line":241,"column":7}},"94":{"start":{"line":240,"column":8},"end":{"line":240,"column":80}},"95":{"start":{"line":244,"column":6},"end":{"line":246,"column":7}},"96":{"start":{"line":245,"column":8},"end":{"line":245,"column":99}},"97":{"start":{"line":247,"column":6},"end":{"line":249,"column":7}},"98":{"start":{"line":248,"column":8},"end":{"line":248,"column":97}},"99":{"start":{"line":252,"column":6},"end":{"line":252,"column":80}},"100":{"start":{"line":255,"column":22},"end":{"line":255,"column":33}},"101":{"start":{"line":256,"column":24},"end":{"line":256,"column":48}},"102":{"start":{"line":257,"column":6},"end":{"line":261,"column":8}},"103":{"start":{"line":263,"column":6},"end":{"line":263,"column":96}},"104":{"start":{"line":265,"column":6},"end":{"line":265,"column":56}},"105":{"start":{"line":266,"column":6},"end":{"line":266,"column":84}},"106":{"start":{"line":272,"column":4},"end":{"line":297,"column":5}},"107":{"start":{"line":273,"column":27},"end":{"line":273,"column":36}},"108":{"start":{"line":275,"column":18},"end":{"line":282,"column":7}},"109":{"start":{"line":283,"column":21},"end":{"line":283,"column":23}},"110":{"start":{"line":285,"column":6},"end":{"line":288,"column":7}},"111":{"start":{"line":286,"column":8},"end":{"line":286,"column":41}},"112":{"start":{"line":287,"column":8},"end":{"line":287,"column":30}},"113":{"start":{"line":290,"column":6},"end":{"line":290,"column":58}},"114":{"start":{"line":292,"column":21},"end":{"line":292,"column":50}},"115":{"start":{"line":293,"column":6},"end":{"line":293,"column":40}},"116":{"start":{"line":295,"column":6},"end":{"line":295,"column":51}},"117":{"start":{"line":296,"column":6},"end":{"line":296,"column":88}},"118":{"start":{"line":301,"column":0},"end":{"line":301,"column":33}}},"fnMap":{"0":{"name":"(anonymous_0)","decl":{"start":{"line":7,"column":2},"end":{"line":7,"column":3}},"loc":{"start":{"line":7,"column":30},"end":{"line":40,"column":3}},"line":7},"1":{"name":"(anonymous_1)","decl":{"start":{"line":20,"column":58},"end":{"line":20,"column":59}},"loc":{"start":{"line":20,"column":75},"end":{"line":33,"column":7}},"line":20},"2":{"name":"(anonymous_2)","decl":{"start":{"line":43,"column":2},"end":{"line":43,"column":3}},"loc":{"start":{"line":43,"column":38},"end":{"line":85,"column":3}},"line":43},"3":{"name":"(anonymous_3)","decl":{"start":{"line":88,"column":2},"end":{"line":88,"column":3}},"loc":{"start":{"line":88,"column":27},"end":{"line":197,"column":3}},"line":88},"4":{"name":"(anonymous_4)","decl":{"start":{"line":200,"column":2},"end":{"line":200,"column":3}},"loc":{"start":{"line":200,"column":31},"end":{"line":216,"column":3}},"line":200},"5":{"name":"(anonymous_5)","decl":{"start":{"line":219,"column":2},"end":{"line":219,"column":3}},"loc":{"start":{"line":219,"column":36},"end":{"line":268,"column":3}},"line":219},"6":{"name":"(anonymous_6)","decl":{"start":{"line":271,"column":2},"end":{"line":271,"column":3}},"loc":{"start":{"line":271,"column":31},"end":{"line":298,"column":3}},"line":271}},"branchMap":{"0":{"loc":{"start":{"line":49,"column":6},"end":{"line":49,"column":100}},"type":"if","locations":[{"start":{"line":49,"column":6},"end":{"line":49,"column":100}},{"start":{},"end":{}}],"line":49},"1":{"loc":{"start":{"line":60,"column":6},"end":{"line":60,"column":95}},"type":"if","locations":[{"start":{"line":60,"column":6},"end":{"line":60,"column":95}},{"start":{},"end":{}}],"line":60},"2":{"loc":{"start":{"line":98,"column":6},"end":{"line":98,"column":77}},"type":"if","locations":[{"start":{"line":98,"column":6},"end":{"line":98,"column":77}},{"start":{},"end":{}}],"line":98},"3":{"loc":{"start":{"line":109,"column":6},"end":{"line":109,"column":72}},"type":"if","locations":[{"start":{"line":109,"column":6},"end":{"line":109,"column":72}},{"start":{},"end":{}}],"line":109},"4":{"loc":{"start":{"line":113,"column":8},"end":{"line":115,"column":9}},"type":"if","locations":[{"start":{"line":113,"column":8},"end":{"line":115,"column":9}},{"start":{},"end":{}}],"line":113},"5":{"loc":{"start":{"line":131,"column":6},"end":{"line":147,"column":7}},"type":"if","locations":[{"start":{"line":131,"column":6},"end":{"line":147,"column":7}},{"start":{},"end":{}}],"line":131},"6":{"loc":{"start":{"line":131,"column":10},"end":{"line":131,"column":52}},"type":"binary-expr","locations":[{"start":{"line":131,"column":10},"end":{"line":131,"column":22}},{"start":{"line":131,"column":26},"end":{"line":131,"column":52}}],"line":131},"7":{"loc":{"start":{"line":136,"column":8},"end":{"line":146,"column":9}},"type":"if","locations":[{"start":{"line":136,"column":8},"end":{"line":146,"column":9}},{"start":{},"end":{}}],"line":136},"8":{"loc":{"start":{"line":138,"column":10},"end":{"line":145,"column":11}},"type":"if","locations":[{"start":{"line":138,"column":10},"end":{"line":145,"column":11}},{"start":{},"end":{}}],"line":138},"9":{"loc":{"start":{"line":138,"column":14},"end":{"line":138,"column":67}},"type":"binary-expr","locations":[{"start":{"line":138,"column":14},"end":{"line":138,"column":25}},{"start":{"line":138,"column":29},"end":{"line":138,"column":67}}],"line":138},"10":{"loc":{"start":{"line":140,"column":12},"end":{"line":144,"column":13}},"type":"if","locations":[{"start":{"line":140,"column":12},"end":{"line":144,"column":13}},{"start":{"line":142,"column":19},"end":{"line":144,"column":13}}],"line":140},"11":{"loc":{"start":{"line":142,"column":19},"end":{"line":144,"column":13}},"type":"if","locations":[{"start":{"line":142,"column":19},"end":{"line":144,"column":13}},{"start":{},"end":{}}],"line":142},"12":{"loc":{"start":{"line":153,"column":6},"end":{"line":160,"column":7}},"type":"if","locations":[{"start":{"line":153,"column":6},"end":{"line":160,"column":7}},{"start":{},"end":{}}],"line":153},"13":{"loc":{"start":{"line":158,"column":8},"end":{"line":158,"column":80}},"type":"if","locations":[{"start":{"line":158,"column":8},"end":{"line":158,"column":80}},{"start":{},"end":{}}],"line":158},"14":{"loc":{"start":{"line":167,"column":50},"end":{"line":167,"column":85}},"type":"binary-expr","locations":[{"start":{"line":167,"column":50},"end":{"line":167,"column":65}},{"start":{"line":167,"column":69},"end":{"line":167,"column":85}}],"line":167},"15":{"loc":{"start":{"line":167,"column":108},"end":{"line":167,"column":133}},"type":"binary-expr","locations":[{"start":{"line":167,"column":108},"end":{"line":167,"column":125}},{"start":{"line":167,"column":129},"end":{"line":167,"column":133}}],"line":167},"16":{"loc":{"start":{"line":193,"column":43},"end":{"line":193,"column":92}},"type":"binary-expr","locations":[{"start":{"line":193,"column":43},"end":{"line":193,"column":56}},{"start":{"line":193,"column":60},"end":{"line":193,"column":92}}],"line":193},"17":{"loc":{"start":{"line":225,"column":4},"end":{"line":227,"column":5}},"type":"if","locations":[{"start":{"line":225,"column":4},"end":{"line":227,"column":5}},{"start":{},"end":{}}],"line":225},"18":{"loc":{"start":{"line":225,"column":8},"end":{"line":225,"column":50}},"type":"binary-expr","locations":[{"start":{"line":225,"column":8},"end":{"line":225,"column":15}},{"start":{"line":225,"column":19},"end":{"line":225,"column":50}}],"line":225},"19":{"loc":{"start":{"line":232,"column":6},"end":{"line":234,"column":7}},"type":"if","locations":[{"start":{"line":232,"column":6},"end":{"line":234,"column":7}},{"start":{},"end":{}}],"line":232},"20":{"loc":{"start":{"line":239,"column":6},"end":{"line":241,"column":7}},"type":"if","locations":[{"start":{"line":239,"column":6},"end":{"line":241,"column":7}},{"start":{},"end":{}}],"line":239},"21":{"loc":{"start":{"line":244,"column":6},"end":{"line":246,"column":7}},"type":"if","locations":[{"start":{"line":244,"column":6},"end":{"line":246,"column":7}},{"start":{},"end":{}}],"line":244},"22":{"loc":{"start":{"line":247,"column":6},"end":{"line":249,"column":7}},"type":"if","locations":[{"start":{"line":247,"column":6},"end":{"line":249,"column":7}},{"start":{},"end":{}}],"line":247},"23":{"loc":{"start":{"line":256,"column":24},"end":{"line":256,"column":48}},"type":"binary-expr","locations":[{"start":{"line":256,"column":24},"end":{"line":256,"column":37}},{"start":{"line":256,"column":41},"end":{"line":256,"column":48}}],"line":256},"24":{"loc":{"start":{"line":285,"column":6},"end":{"line":288,"column":7}},"type":"if","locations":[{"start":{"line":285,"column":6},"end":{"line":288,"column":7}},{"start":{},"end":{}}],"line":285}},"s":{"0":7,"1":7,"2":7,"3":3,"4":3,"5":3,"6":2,"7":1,"8":1,"9":2,"10":1,"11":1,"12":4,"13":4,"14":4,"15":3,"16":1,"17":2,"18":2,"19":2,"20":1,"21":1,"22":1,"23":1,"24":1,"25":1,"26":1,"27":1,"28":7,"29":7,"30":7,"31":7,"32":7,"33":7,"34":6,"35":1,"36":5,"37":5,"38":5,"39":1,"40":4,"41":4,"42":1,"43":3,"44":3,"45":3,"46":3,"47":3,"48":3,"49":3,"50":1,"51":1,"52":1,"53":1,"54":1,"55":1,"56":1,"57":0,"58":0,"59":3,"60":3,"61":3,"62":1,"63":1,"64":0,"65":1,"66":3,"67":3,"68":3,"69":3,"70":3,"71":3,"72":3,"73":3,"74":4,"75":4,"76":4,"77":7,"78":2,"79":2,"80":1,"81":1,"82":1,"83":11,"84":11,"85":11,"86":11,"87":2,"88":9,"89":9,"90":8,"91":2,"92":6,"93":6,"94":1,"95":5,"96":1,"97":4,"98":1,"99":3,"100":3,"101":3,"102":3,"103":3,"104":1,"105":1,"106":3,"107":3,"108":3,"109":3,"110":3,"111":1,"112":1,"113":3,"114":3,"115":2,"116":1,"117":1,"118":7},"f":{"0":3,"1":1,"2":4,"3":7,"4":2,"5":11,"6":3},"b":{"0":[1,2],"1":[1,1],"2":[1,5],"3":[1,4],"4":[1,3],"5":[1,2],"6":[3,1],"7":[1,0],"8":[1,0],"9":[1,1],"10":[1,0],"11":[0,0],"12":[1,2],"13":[0,1],"14":[3,0],"15":[3,0],"16":[4,0],"17":[2,9],"18":[11,11],"19":[2,6],"20":[1,5],"21":[1,4],"22":[1,3],"23":[3,1],"24":[1,2]},"_coverageSchema":"1a1c01bbd47fc00a2c39e90264f33305004495a9","hash":"060eb654ebf6ab988256fde477f1cdb8efa38eef"}
,"C:\\Users\\Matheus\\Desktop\\Projetos Pessoais\\A3 2026.1\\Sprint 03\\essence project\\backend\\src\\controllers\\productController.js": {"path":"C:\\Users\\Matheus\\Desktop\\Projetos Pessoais\\A3 2026.1\\Sprint 03\\essence project\\backend\\src\\controllers\\productController.js","statementMap":{"0":{"start":{"line":1,"column":11},"end":{"line":1,"column":40}},"1":{"start":{"line":3,"column":26},"end":{"line":232,"column":1}},"2":{"start":{"line":6,"column":4},"end":{"line":17,"column":5}},"3":{"start":{"line":7,"column":6},"end":{"line":7,"column":61}},"4":{"start":{"line":9,"column":6},"end":{"line":9,"column":109}},"5":{"start":{"line":10,"column":6},"end":{"line":10,"column":99}},"6":{"start":{"line":11,"column":6},"end":{"line":11,"column":127}},"7":{"start":{"line":13,"column":6},"end":{"line":13,"column":127}},"8":{"start":{"line":15,"column":6},"end":{"line":15,"column":27}},"9":{"start":{"line":16,"column":6},"end":{"line":16,"column":78}},"10":{"start":{"line":21,"column":4},"end":{"line":34,"column":5}},"11":{"start":{"line":22,"column":27},"end":{"line":22,"column":90}},"12":{"start":{"line":23,"column":23},"end":{"line":23,"column":82}},"13":{"start":{"line":24,"column":25},"end":{"line":24,"column":96}},"14":{"start":{"line":26,"column":6},"end":{"line":30,"column":9}},"15":{"start":{"line":27,"column":40},"end":{"line":27,"column":46}},"16":{"start":{"line":28,"column":32},"end":{"line":28,"column":38}},"17":{"start":{"line":29,"column":36},"end":{"line":29,"column":42}},"18":{"start":{"line":32,"column":6},"end":{"line":32,"column":27}},"19":{"start":{"line":33,"column":6},"end":{"line":33,"column":79}},"20":{"start":{"line":53,"column":8},"end":{"line":53,"column":16}},"21":{"start":{"line":55,"column":23},"end":{"line":55,"column":47}},"22":{"start":{"line":57,"column":4},"end":{"line":98,"column":5}},"23":{"start":{"line":59,"column":6},"end":{"line":59,"column":42}},"24":{"start":{"line":62,"column":30},"end":{"line":67,"column":7}},"25":{"start":{"line":69,"column":25},"end":{"line":69,"column":47}},"26":{"start":{"line":72,"column":6},"end":{"line":75,"column":8}},"27":{"start":{"line":78,"column":6},"end":{"line":83,"column":7}},"28":{"start":{"line":79,"column":8},"end":{"line":82,"column":10}},"29":{"start":{"line":85,"column":6},"end":{"line":85,"column":32}},"30":{"start":{"line":87,"column":6},"end":{"line":90,"column":9}},"31":{"start":{"line":93,"column":6},"end":{"line":93,"column":34}},"32":{"start":{"line":94,"column":6},"end":{"line":94,"column":60}},"33":{"start":{"line":95,"column":6},"end":{"line":95,"column":123}},"34":{"start":{"line":97,"column":6},"end":{"line":97,"column":27}},"35":{"start":{"line":103,"column":4},"end":{"line":138,"column":5}},"36":{"start":{"line":104,"column":30},"end":{"line":104,"column":54}},"37":{"start":{"line":105,"column":21},"end":{"line":132,"column":8}},"38":{"start":{"line":134,"column":6},"end":{"line":134,"column":40}},"39":{"start":{"line":136,"column":6},"end":{"line":136,"column":27}},"40":{"start":{"line":137,"column":6},"end":{"line":137,"column":90}},"41":{"start":{"line":143,"column":19},"end":{"line":143,"column":29}},"42":{"start":{"line":144,"column":4},"end":{"line":174,"column":5}},"43":{"start":{"line":145,"column":30},"end":{"line":145,"column":54}},"44":{"start":{"line":146,"column":21},"end":{"line":158,"column":14}},"45":{"start":{"line":160,"column":6},"end":{"line":160,"column":95}},"46":{"start":{"line":160,"column":29},"end":{"line":160,"column":95}},"47":{"start":{"line":162,"column":26},"end":{"line":165,"column":7}},"48":{"start":{"line":167,"column":22},"end":{"line":167,"column":29}},"49":{"start":{"line":168,"column":6},"end":{"line":168,"column":36}},"50":{"start":{"line":170,"column":6},"end":{"line":170,"column":43}},"51":{"start":{"line":172,"column":6},"end":{"line":172,"column":27}},"52":{"start":{"line":173,"column":6},"end":{"line":173,"column":75}},"53":{"start":{"line":179,"column":19},"end":{"line":179,"column":29}},"54":{"start":{"line":180,"column":79},"end":{"line":180,"column":87}},"55":{"start":{"line":182,"column":23},"end":{"line":182,"column":47}},"56":{"start":{"line":183,"column":4},"end":{"line":230,"column":5}},"57":{"start":{"line":184,"column":6},"end":{"line":184,"column":42}},"58":{"start":{"line":187,"column":21},"end":{"line":187,"column":23}},"59":{"start":{"line":188,"column":22},"end":{"line":188,"column":24}},"60":{"start":{"line":190,"column":6},"end":{"line":190,"column":78}},"61":{"start":{"line":190,"column":32},"end":{"line":190,"column":56}},"62":{"start":{"line":190,"column":57},"end":{"line":190,"column":76}},"63":{"start":{"line":191,"column":6},"end":{"line":191,"column":93}},"64":{"start":{"line":191,"column":37},"end":{"line":191,"column":66}},"65":{"start":{"line":191,"column":67},"end":{"line":191,"column":91}},"66":{"start":{"line":192,"column":6},"end":{"line":192,"column":102}},"67":{"start":{"line":192,"column":40},"end":{"line":192,"column":72}},"68":{"start":{"line":192,"column":73},"end":{"line":192,"column":100}},"69":{"start":{"line":193,"column":6},"end":{"line":193,"column":105}},"70":{"start":{"line":193,"column":41},"end":{"line":193,"column":74}},"71":{"start":{"line":193,"column":75},"end":{"line":193,"column":103}},"72":{"start":{"line":194,"column":6},"end":{"line":194,"column":89}},"73":{"start":{"line":194,"column":33},"end":{"line":194,"column":58}},"74":{"start":{"line":194,"column":59},"end":{"line":194,"column":87}},"75":{"start":{"line":196,"column":6},"end":{"line":202,"column":7}},"76":{"start":{"line":197,"column":8},"end":{"line":197,"column":25}},"77":{"start":{"line":198,"column":8},"end":{"line":201,"column":10}},"78":{"start":{"line":205,"column":6},"end":{"line":219,"column":7}},"79":{"start":{"line":206,"column":8},"end":{"line":218,"column":9}},"80":{"start":{"line":207,"column":10},"end":{"line":217,"column":11}},"81":{"start":{"line":208,"column":28},"end":{"line":208,"column":30}},"82":{"start":{"line":209,"column":29},"end":{"line":209,"column":31}},"83":{"start":{"line":210,"column":12},"end":{"line":210,"column":93}},"84":{"start":{"line":210,"column":41},"end":{"line":210,"column":67}},"85":{"start":{"line":210,"column":68},"end":{"line":210,"column":91}},"86":{"start":{"line":211,"column":12},"end":{"line":211,"column":111}},"87":{"start":{"line":211,"column":47},"end":{"line":211,"column":79}},"88":{"start":{"line":211,"column":80},"end":{"line":211,"column":109}},"89":{"start":{"line":212,"column":12},"end":{"line":212,"column":32}},"90":{"start":{"line":213,"column":12},"end":{"line":216,"column":14}},"91":{"start":{"line":221,"column":6},"end":{"line":221,"column":32}},"92":{"start":{"line":222,"column":6},"end":{"line":222,"column":82}},"93":{"start":{"line":225,"column":6},"end":{"line":225,"column":34}},"94":{"start":{"line":226,"column":6},"end":{"line":226,"column":57}},"95":{"start":{"line":227,"column":6},"end":{"line":227,"column":75}},"96":{"start":{"line":229,"column":6},"end":{"line":229,"column":27}},"97":{"start":{"line":234,"column":0},"end":{"line":234,"column":35}}},"fnMap":{"0":{"name":"(anonymous_0)","decl":{"start":{"line":5,"column":2},"end":{"line":5,"column":3}},"loc":{"start":{"line":5,"column":35},"end":{"line":18,"column":3}},"line":5},"1":{"name":"(anonymous_1)","decl":{"start":{"line":20,"column":2},"end":{"line":20,"column":3}},"loc":{"start":{"line":20,"column":33},"end":{"line":35,"column":3}},"line":20},"2":{"name":"(anonymous_2)","decl":{"start":{"line":27,"column":35},"end":{"line":27,"column":36}},"loc":{"start":{"line":27,"column":40},"end":{"line":27,"column":46}},"line":27},"3":{"name":"(anonymous_3)","decl":{"start":{"line":28,"column":27},"end":{"line":28,"column":28}},"loc":{"start":{"line":28,"column":32},"end":{"line":28,"column":38}},"line":28},"4":{"name":"(anonymous_4)","decl":{"start":{"line":29,"column":31},"end":{"line":29,"column":32}},"loc":{"start":{"line":29,"column":36},"end":{"line":29,"column":42}},"line":29},"5":{"name":"(anonymous_5)","decl":{"start":{"line":38,"column":2},"end":{"line":38,"column":3}},"loc":{"start":{"line":38,"column":32},"end":{"line":99,"column":3}},"line":38},"6":{"name":"(anonymous_6)","decl":{"start":{"line":102,"column":2},"end":{"line":102,"column":3}},"loc":{"start":{"line":102,"column":30},"end":{"line":139,"column":3}},"line":102},"7":{"name":"(anonymous_7)","decl":{"start":{"line":142,"column":2},"end":{"line":142,"column":3}},"loc":{"start":{"line":142,"column":33},"end":{"line":175,"column":3}},"line":142},"8":{"name":"(anonymous_8)","decl":{"start":{"line":178,"column":2},"end":{"line":178,"column":3}},"loc":{"start":{"line":178,"column":32},"end":{"line":231,"column":3}},"line":178}},"branchMap":{"0":{"loc":{"start":{"line":78,"column":6},"end":{"line":83,"column":7}},"type":"if","locations":[{"start":{"line":78,"column":6},"end":{"line":83,"column":7}},{"start":{},"end":{}}],"line":78},"1":{"loc":{"start":{"line":78,"column":10},"end":{"line":78,"column":33}},"type":"binary-expr","locations":[{"start":{"line":78,"column":10},"end":{"line":78,"column":14}},{"start":{"line":78,"column":18},"end":{"line":78,"column":25}},{"start":{"line":78,"column":29},"end":{"line":78,"column":33}}],"line":78},"2":{"loc":{"start":{"line":130,"column":10},"end":{"line":130,"column":55}},"type":"cond-expr","locations":[{"start":{"line":130,"column":28},"end":{"line":130,"column":30}},{"start":{"line":130,"column":33},"end":{"line":130,"column":55}}],"line":130},"3":{"loc":{"start":{"line":157,"column":25},"end":{"line":157,"column":68}},"type":"cond-expr","locations":[{"start":{"line":157,"column":43},"end":{"line":157,"column":45}},{"start":{"line":157,"column":48},"end":{"line":157,"column":68}}],"line":157},"4":{"loc":{"start":{"line":160,"column":6},"end":{"line":160,"column":95}},"type":"if","locations":[{"start":{"line":160,"column":6},"end":{"line":160,"column":95}},{"start":{},"end":{}}],"line":160},"5":{"loc":{"start":{"line":190,"column":6},"end":{"line":190,"column":78}},"type":"if","locations":[{"start":{"line":190,"column":6},"end":{"line":190,"column":78}},{"start":{},"end":{}}],"line":190},"6":{"loc":{"start":{"line":191,"column":6},"end":{"line":191,"column":93}},"type":"if","locations":[{"start":{"line":191,"column":6},"end":{"line":191,"column":93}},{"start":{},"end":{}}],"line":191},"7":{"loc":{"start":{"line":192,"column":6},"end":{"line":192,"column":102}},"type":"if","locations":[{"start":{"line":192,"column":6},"end":{"line":192,"column":102}},{"start":{},"end":{}}],"line":192},"8":{"loc":{"start":{"line":193,"column":6},"end":{"line":193,"column":105}},"type":"if","locations":[{"start":{"line":193,"column":6},"end":{"line":193,"column":105}},{"start":{},"end":{}}],"line":193},"9":{"loc":{"start":{"line":194,"column":6},"end":{"line":194,"column":89}},"type":"if","locations":[{"start":{"line":194,"column":6},"end":{"line":194,"column":89}},{"start":{},"end":{}}],"line":194},"10":{"loc":{"start":{"line":194,"column":72},"end":{"line":194,"column":85}},"type":"cond-expr","locations":[{"start":{"line":194,"column":80},"end":{"line":194,"column":81}},{"start":{"line":194,"column":84},"end":{"line":194,"column":85}}],"line":194},"11":{"loc":{"start":{"line":196,"column":6},"end":{"line":202,"column":7}},"type":"if","locations":[{"start":{"line":196,"column":6},"end":{"line":202,"column":7}},{"start":{},"end":{}}],"line":196},"12":{"loc":{"start":{"line":205,"column":6},"end":{"line":219,"column":7}},"type":"if","locations":[{"start":{"line":205,"column":6},"end":{"line":219,"column":7}},{"start":{},"end":{}}],"line":205},"13":{"loc":{"start":{"line":205,"column":10},"end":{"line":205,"column":47}},"type":"binary-expr","locations":[{"start":{"line":205,"column":10},"end":{"line":205,"column":19}},{"start":{"line":205,"column":23},"end":{"line":205,"column":47}}],"line":205},"14":{"loc":{"start":{"line":207,"column":10},"end":{"line":217,"column":11}},"type":"if","locations":[{"start":{"line":207,"column":10},"end":{"line":217,"column":11}},{"start":{},"end":{}}],"line":207},"15":{"loc":{"start":{"line":207,"column":14},"end":{"line":207,"column":76}},"type":"binary-expr","locations":[{"start":{"line":207,"column":14},"end":{"line":207,"column":18}},{"start":{"line":207,"column":23},"end":{"line":207,"column":44}},{"start":{"line":207,"column":48},"end":{"line":207,"column":75}}],"line":207},"16":{"loc":{"start":{"line":210,"column":12},"end":{"line":210,"column":93}},"type":"if","locations":[{"start":{"line":210,"column":12},"end":{"line":210,"column":93}},{"start":{},"end":{}}],"line":210},"17":{"loc":{"start":{"line":211,"column":12},"end":{"line":211,"column":111}},"type":"if","locations":[{"start":{"line":211,"column":12},"end":{"line":211,"column":111}},{"start":{},"end":{}}],"line":211}},"s":{"0":6,"1":6,"2":2,"3":2,"4":2,"5":1,"6":1,"7":1,"8":1,"9":1,"10":2,"11":2,"12":1,"13":1,"14":1,"15":2,"16":2,"17":2,"18":1,"19":1,"20":3,"21":3,"22":3,"23":3,"24":3,"25":2,"26":2,"27":2,"28":1,"29":2,"30":2,"31":1,"32":1,"33":1,"34":3,"35":3,"36":3,"37":3,"38":2,"39":1,"40":1,"41":4,"42":4,"43":4,"44":4,"45":3,"46":1,"47":2,"48":2,"49":2,"50":2,"51":1,"52":1,"53":6,"54":6,"55":6,"56":6,"57":6,"58":6,"59":6,"60":6,"61":2,"62":2,"63":6,"64":1,"65":1,"66":6,"67":1,"68":1,"69":6,"70":1,"71":1,"72":6,"73":2,"74":2,"75":6,"76":4,"77":4,"78":5,"79":2,"80":3,"81":3,"82":3,"83":3,"84":2,"85":2,"86":3,"87":2,"88":2,"89":3,"90":3,"91":5,"92":5,"93":1,"94":1,"95":1,"96":6,"97":6},"f":{"0":2,"1":2,"2":2,"3":2,"4":2,"5":3,"6":3,"7":4,"8":6},"b":{"0":[1,1],"1":[2,1,1],"2":[1,2],"3":[1,3],"4":[1,2],"5":[2,4],"6":[1,5],"7":[1,5],"8":[1,5],"9":[2,4],"10":[1,1],"11":[4,2],"12":[2,3],"13":[5,2],"14":[3,0],"15":[3,3,1],"16":[2,1],"17":[2,1]},"_coverageSchema":"1a1c01bbd47fc00a2c39e90264f33305004495a9","hash":"d8dac0224a28e590952bc18f733e6c16cc364952"}
,"C:\\Users\\Matheus\\Desktop\\Projetos Pessoais\\A3 2026.1\\Sprint 03\\essence project\\backend\\src\\controllers\\reviewController.js": {"path":"C:\\Users\\Matheus\\Desktop\\Projetos Pessoais\\A3 2026.1\\Sprint 03\\essence project\\backend\\src\\controllers\\reviewController.js","statementMap":{"0":{"start":{"line":1,"column":11},"end":{"line":1,"column":40}},"1":{"start":{"line":3,"column":25},"end":{"line":101,"column":1}},"2":{"start":{"line":7,"column":23},"end":{"line":7,"column":34}},"3":{"start":{"line":8,"column":45},"end":{"line":8,"column":53}},"4":{"start":{"line":10,"column":4},"end":{"line":12,"column":5}},"5":{"start":{"line":11,"column":6},"end":{"line":11,"column":75}},"6":{"start":{"line":14,"column":4},"end":{"line":39,"column":5}},"7":{"start":{"line":16,"column":24},"end":{"line":22,"column":34}},"8":{"start":{"line":24,"column":6},"end":{"line":26,"column":7}},"9":{"start":{"line":25,"column":8},"end":{"line":25,"column":96}},"10":{"start":{"line":29,"column":6},"end":{"line":33,"column":61}},"11":{"start":{"line":35,"column":6},"end":{"line":35,"column":84}},"12":{"start":{"line":37,"column":6},"end":{"line":37,"column":55}},"13":{"start":{"line":38,"column":6},"end":{"line":38,"column":77}},"14":{"start":{"line":44,"column":27},"end":{"line":44,"column":37}},"15":{"start":{"line":45,"column":4},"end":{"line":69,"column":5}},"16":{"start":{"line":46,"column":27},"end":{"line":53,"column":22}},"17":{"start":{"line":56,"column":22},"end":{"line":59,"column":22}},"18":{"start":{"line":61,"column":6},"end":{"line":65,"column":9}},"19":{"start":{"line":67,"column":6},"end":{"line":67,"column":57}},"20":{"start":{"line":68,"column":6},"end":{"line":68,"column":75}},"21":{"start":{"line":74,"column":23},"end":{"line":74,"column":34}},"22":{"start":{"line":75,"column":27},"end":{"line":75,"column":37}},"23":{"start":{"line":77,"column":4},"end":{"line":99,"column":5}},"24":{"start":{"line":78,"column":24},"end":{"line":84,"column":34}},"25":{"start":{"line":86,"column":26},"end":{"line":89,"column":7}},"26":{"start":{"line":91,"column":6},"end":{"line":95,"column":9}},"27":{"start":{"line":97,"column":6},"end":{"line":97,"column":59}},"28":{"start":{"line":98,"column":6},"end":{"line":98,"column":77}},"29":{"start":{"line":103,"column":0},"end":{"line":103,"column":34}}},"fnMap":{"0":{"name":"(anonymous_0)","decl":{"start":{"line":6,"column":2},"end":{"line":6,"column":3}},"loc":{"start":{"line":6,"column":31},"end":{"line":40,"column":3}},"line":6},"1":{"name":"(anonymous_1)","decl":{"start":{"line":43,"column":2},"end":{"line":43,"column":3}},"loc":{"start":{"line":43,"column":36},"end":{"line":70,"column":3}},"line":43},"2":{"name":"(anonymous_2)","decl":{"start":{"line":73,"column":2},"end":{"line":73,"column":3}},"loc":{"start":{"line":73,"column":28},"end":{"line":100,"column":3}},"line":73}},"branchMap":{"0":{"loc":{"start":{"line":10,"column":4},"end":{"line":12,"column":5}},"type":"if","locations":[{"start":{"line":10,"column":4},"end":{"line":12,"column":5}},{"start":{},"end":{}}],"line":10},"1":{"loc":{"start":{"line":10,"column":8},"end":{"line":10,"column":52}},"type":"binary-expr","locations":[{"start":{"line":10,"column":8},"end":{"line":10,"column":19}},{"start":{"line":10,"column":23},"end":{"line":10,"column":28}},{"start":{"line":10,"column":32},"end":{"line":10,"column":40}},{"start":{"line":10,"column":44},"end":{"line":10,"column":52}}],"line":10},"2":{"loc":{"start":{"line":24,"column":6},"end":{"line":26,"column":7}},"type":"if","locations":[{"start":{"line":24,"column":6},"end":{"line":26,"column":7}},{"start":{},"end":{}}],"line":24},"3":{"loc":{"start":{"line":33,"column":40},"end":{"line":33,"column":58}},"type":"binary-expr","locations":[{"start":{"line":33,"column":40},"end":{"line":33,"column":50}},{"start":{"line":33,"column":54},"end":{"line":33,"column":58}}],"line":33},"4":{"loc":{"start":{"line":63,"column":15},"end":{"line":63,"column":77}},"type":"cond-expr","locations":[{"start":{"line":63,"column":32},"end":{"line":63,"column":73}},{"start":{"line":63,"column":76},"end":{"line":63,"column":77}}],"line":63},"5":{"loc":{"start":{"line":94,"column":28},"end":{"line":94,"column":48}},"type":"binary-expr","locations":[{"start":{"line":94,"column":28},"end":{"line":94,"column":40}},{"start":{"line":94,"column":44},"end":{"line":94,"column":48}}],"line":94}},"s":{"0":6,"1":6,"2":6,"3":6,"4":6,"5":1,"6":5,"7":5,"8":4,"9":2,"10":2,"11":2,"12":1,"13":1,"14":2,"15":2,"16":2,"17":1,"18":1,"19":1,"20":1,"21":3,"22":3,"23":3,"24":3,"25":2,"26":2,"27":1,"28":1,"29":6},"f":{"0":6,"1":2,"2":3},"b":{"0":[1,5],"1":[6,5,5,5],"2":[2,2],"3":[2,0],"4":[1,0],"5":[2,1]},"_coverageSchema":"1a1c01bbd47fc00a2c39e90264f33305004495a9","hash":"b79689fc2236709da6255a852cec34ff90a82406"}
,"C:\\Users\\Matheus\\Desktop\\Projetos Pessoais\\A3 2026.1\\Sprint 03\\essence project\\backend\\src\\middlewares\\adminMiddleware.js": {"path":"C:\\Users\\Matheus\\Desktop\\Projetos Pessoais\\A3 2026.1\\Sprint 03\\essence project\\backend\\src\\middlewares\\adminMiddleware.js","statementMap":{"0":{"start":{"line":1,"column":12},"end":{"line":1,"column":35}},"1":{"start":{"line":10,"column":4},"end":{"line":12,"column":5}},"2":{"start":{"line":11,"column":8},"end":{"line":11,"column":75}},"3":{"start":{"line":14,"column":4},"end":{"line":16,"column":5}},"4":{"start":{"line":15,"column":8},"end":{"line":15,"column":114}},"5":{"start":{"line":18,"column":4},"end":{"line":18,"column":18}},"6":{"start":{"line":21,"column":0},"end":{"line":21,"column":33}}},"fnMap":{"0":{"name":"adminMiddleware","decl":{"start":{"line":8,"column":9},"end":{"line":8,"column":24}},"loc":{"start":{"line":8,"column":41},"end":{"line":19,"column":1}},"line":8}},"branchMap":{"0":{"loc":{"start":{"line":10,"column":4},"end":{"line":12,"column":5}},"type":"if","locations":[{"start":{"line":10,"column":4},"end":{"line":12,"column":5}},{"start":{},"end":{}}],"line":10},"1":{"loc":{"start":{"line":14,"column":4},"end":{"line":16,"column":5}},"type":"if","locations":[{"start":{"line":14,"column":4},"end":{"line":16,"column":5}},{"start":{},"end":{}}],"line":14}},"s":{"0":6,"1":5,"2":1,"3":4,"4":2,"5":2,"6":6},"f":{"0":5},"b":{"0":[1,4],"1":[2,2]},"_coverageSchema":"1a1c01bbd47fc00a2c39e90264f33305004495a9","hash":"20a392d04e945c3839b6632093c7298911f181ca"}
,"C:\\Users\\Matheus\\Desktop\\Projetos Pessoais\\A3 2026.1\\Sprint 03\\essence project\\backend\\src\\middlewares\\authMiddleware.js": {"path":"C:\\Users\\Matheus\\Desktop\\Projetos Pessoais\\A3 2026.1\\Sprint 03\\essence project\\backend\\src\\middlewares\\authMiddleware.js","statementMap":{"0":{"start":{"line":1,"column":12},"end":{"line":1,"column":35}},"1":{"start":{"line":4,"column":23},"end":{"line":4,"column":48}},"2":{"start":{"line":6,"column":4},"end":{"line":8,"column":5}},"3":{"start":{"line":7,"column":8},"end":{"line":7,"column":71}},"4":{"start":{"line":11,"column":22},"end":{"line":11,"column":43}},"5":{"start":{"line":13,"column":4},"end":{"line":22,"column":5}},"6":{"start":{"line":14,"column":24},"end":{"line":14,"column":95}},"7":{"start":{"line":17,"column":8},"end":{"line":17,"column":27}},"8":{"start":{"line":19,"column":8},"end":{"line":19,"column":22}},"9":{"start":{"line":21,"column":8},"end":{"line":21,"column":78}},"10":{"start":{"line":25,"column":0},"end":{"line":25,"column":32}}},"fnMap":{"0":{"name":"authMiddleware","decl":{"start":{"line":3,"column":9},"end":{"line":3,"column":23}},"loc":{"start":{"line":3,"column":40},"end":{"line":23,"column":1}},"line":3}},"branchMap":{"0":{"loc":{"start":{"line":6,"column":4},"end":{"line":8,"column":5}},"type":"if","locations":[{"start":{"line":6,"column":4},"end":{"line":8,"column":5}},{"start":{},"end":{}}],"line":6},"1":{"loc":{"start":{"line":14,"column":42},"end":{"line":14,"column":94}},"type":"binary-expr","locations":[{"start":{"line":14,"column":42},"end":{"line":14,"column":64}},{"start":{"line":14,"column":68},"end":{"line":14,"column":94}}],"line":14}},"s":{"0":6,"1":11,"2":11,"3":4,"4":7,"5":7,"6":7,"7":6,"8":6,"9":1,"10":6},"f":{"0":11},"b":{"0":[4,7],"1":[7,7]},"_coverageSchema":"1a1c01bbd47fc00a2c39e90264f33305004495a9","hash":"16e414e626b5a9ddedada58416d12412613972ca"}
,"C:\\Users\\Matheus\\Desktop\\Projetos Pessoais\\A3 2026.1\\Sprint 03\\essence project\\backend\\src\\routes\\addressRoutes.js": {"path":"C:\\Users\\Matheus\\Desktop\\Projetos Pessoais\\A3 2026.1\\Sprint 03\\essence project\\backend\\src\\routes\\addressRoutes.js","statementMap":{"0":{"start":{"line":1,"column":16},"end":{"line":1,"column":34}},"1":{"start":{"line":2,"column":15},"end":{"line":2,"column":31}},"2":{"start":{"line":3,"column":26},"end":{"line":3,"column":69}},"3":{"start":{"line":4,"column":23},"end":{"line":4,"column":63}},"4":{"start":{"line":6,"column":0},"end":{"line":6,"column":64}},"5":{"start":{"line":7,"column":0},"end":{"line":7,"column":63}},"6":{"start":{"line":8,"column":0},"end":{"line":8,"column":68}},"7":{"start":{"line":9,"column":0},"end":{"line":9,"column":71}},"8":{"start":{"line":11,"column":0},"end":{"line":11,"column":24}}},"fnMap":{},"branchMap":{},"s":{"0":5,"1":5,"2":5,"3":5,"4":5,"5":5,"6":5,"7":5,"8":5},"f":{},"b":{},"_coverageSchema":"1a1c01bbd47fc00a2c39e90264f33305004495a9","hash":"165e0247660d11c74ab7220c60cae946a241994b"}
,"C:\\Users\\Matheus\\Desktop\\Projetos Pessoais\\A3 2026.1\\Sprint 03\\essence project\\backend\\src\\routes\\authRoutes.js": {"path":"C:\\Users\\Matheus\\Desktop\\Projetos Pessoais\\A3 2026.1\\Sprint 03\\essence project\\backend\\src\\routes\\authRoutes.js","statementMap":{"0":{"start":{"line":1,"column":16},"end":{"line":1,"column":34}},"1":{"start":{"line":2,"column":15},"end":{"line":2,"column":31}},"2":{"start":{"line":3,"column":23},"end":{"line":3,"column":63}},"3":{"start":{"line":5,"column":23},"end":{"line":5,"column":63}},"4":{"start":{"line":8,"column":0},"end":{"line":8,"column":50}},"5":{"start":{"line":11,"column":0},"end":{"line":11,"column":44}},"6":{"start":{"line":14,"column":0},"end":{"line":14,"column":63}},"7":{"start":{"line":17,"column":0},"end":{"line":17,"column":56}},"8":{"start":{"line":20,"column":0},"end":{"line":20,"column":59}},"9":{"start":{"line":22,"column":0},"end":{"line":22,"column":24}}},"fnMap":{},"branchMap":{},"s":{"0":5,"1":5,"2":5,"3":5,"4":5,"5":5,"6":5,"7":5,"8":5,"9":5},"f":{},"b":{},"_coverageSchema":"1a1c01bbd47fc00a2c39e90264f33305004495a9","hash":"c3a35691bb26a85b956f8a5c666067025a939606"}
,"C:\\Users\\Matheus\\Desktop\\Projetos Pessoais\\A3 2026.1\\Sprint 03\\essence project\\backend\\src\\routes\\cartRoutes.js": {"path":"C:\\Users\\Matheus\\Desktop\\Projetos Pessoais\\A3 2026.1\\Sprint 03\\essence project\\backend\\src\\routes\\cartRoutes.js","statementMap":{"0":{"start":{"line":1,"column":16},"end":{"line":1,"column":34}},"1":{"start":{"line":2,"column":15},"end":{"line":2,"column":31}},"2":{"start":{"line":3,"column":23},"end":{"line":3,"column":63}},"3":{"start":{"line":4,"column":23},"end":{"line":4,"column":63}},"4":{"start":{"line":10,"column":0},"end":{"line":10,"column":40}},"5":{"start":{"line":13,"column":0},"end":{"line":13,"column":44}},"6":{"start":{"line":16,"column":0},"end":{"line":16,"column":65}},"7":{"start":{"line":19,"column":0},"end":{"line":19,"column":70}},"8":{"start":{"line":21,"column":0},"end":{"line":21,"column":24}}},"fnMap":{},"branchMap":{},"s":{"0":5,"1":5,"2":5,"3":5,"4":5,"5":5,"6":5,"7":5,"8":5},"f":{},"b":{},"_coverageSchema":"1a1c01bbd47fc00a2c39e90264f33305004495a9","hash":"0e80bddaa30dcba58c1d821625191d099c8ff741"}
,"C:\\Users\\Matheus\\Desktop\\Projetos Pessoais\\A3 2026.1\\Sprint 03\\essence project\\backend\\src\\routes\\couponRoutes.js": {"path":"C:\\Users\\Matheus\\Desktop\\Projetos Pessoais\\A3 2026.1\\Sprint 03\\essence project\\backend\\src\\routes\\couponRoutes.js","statementMap":{"0":{"start":{"line":1,"column":16},"end":{"line":1,"column":34}},"1":{"start":{"line":2,"column":15},"end":{"line":2,"column":31}},"2":{"start":{"line":3,"column":25},"end":{"line":3,"column":67}},"3":{"start":{"line":6,"column":0},"end":{"line":6,"column":52}},"4":{"start":{"line":8,"column":0},"end":{"line":8,"column":24}}},"fnMap":{},"branchMap":{},"s":{"0":5,"1":5,"2":5,"3":5,"4":5},"f":{},"b":{},"_coverageSchema":"1a1c01bbd47fc00a2c39e90264f33305004495a9","hash":"f6f40c419a19d03aaacff0bce1b0490a8bada159"}
,"C:\\Users\\Matheus\\Desktop\\Projetos Pessoais\\A3 2026.1\\Sprint 03\\essence project\\backend\\src\\routes\\dashboardRoutes.js": {"path":"C:\\Users\\Matheus\\Desktop\\Projetos Pessoais\\A3 2026.1\\Sprint 03\\essence project\\backend\\src\\routes\\dashboardRoutes.js","statementMap":{"0":{"start":{"line":1,"column":16},"end":{"line":1,"column":34}},"1":{"start":{"line":2,"column":15},"end":{"line":2,"column":31}},"2":{"start":{"line":3,"column":28},"end":{"line":3,"column":73}},"3":{"start":{"line":4,"column":23},"end":{"line":4,"column":63}},"4":{"start":{"line":5,"column":24},"end":{"line":5,"column":65}},"5":{"start":{"line":8,"column":0},"end":{"line":8,"column":81}},"6":{"start":{"line":10,"column":0},"end":{"line":10,"column":24}}},"fnMap":{},"branchMap":{},"s":{"0":5,"1":5,"2":5,"3":5,"4":5,"5":5,"6":5},"f":{},"b":{},"_coverageSchema":"1a1c01bbd47fc00a2c39e90264f33305004495a9","hash":"d1ee7e2baf913e27a13a7e85286e4061961063b1"}
,"C:\\Users\\Matheus\\Desktop\\Projetos Pessoais\\A3 2026.1\\Sprint 03\\essence project\\backend\\src\\routes\\favoriteRoutes.js": {"path":"C:\\Users\\Matheus\\Desktop\\Projetos Pessoais\\A3 2026.1\\Sprint 03\\essence project\\backend\\src\\routes\\favoriteRoutes.js","statementMap":{"0":{"start":{"line":1,"column":16},"end":{"line":1,"column":34}},"1":{"start":{"line":2,"column":15},"end":{"line":2,"column":31}},"2":{"start":{"line":3,"column":27},"end":{"line":3,"column":71}},"3":{"start":{"line":5,"column":0},"end":{"line":5,"column":49}},"4":{"start":{"line":6,"column":0},"end":{"line":6,"column":65}},"5":{"start":{"line":7,"column":0},"end":{"line":7,"column":49}},"6":{"start":{"line":9,"column":0},"end":{"line":9,"column":24}}},"fnMap":{},"branchMap":{},"s":{"0":5,"1":5,"2":5,"3":5,"4":5,"5":5,"6":5},"f":{},"b":{},"_coverageSchema":"1a1c01bbd47fc00a2c39e90264f33305004495a9","hash":"43c01cda99a9110af9dd21253fd001d6d02c576f"}
,"C:\\Users\\Matheus\\Desktop\\Projetos Pessoais\\A3 2026.1\\Sprint 03\\essence project\\backend\\src\\routes\\orderRoutes.js": {"path":"C:\\Users\\Matheus\\Desktop\\Projetos Pessoais\\A3 2026.1\\Sprint 03\\essence project\\backend\\src\\routes\\orderRoutes.js","statementMap":{"0":{"start":{"line":1,"column":16},"end":{"line":1,"column":34}},"1":{"start":{"line":2,"column":15},"end":{"line":2,"column":31}},"2":{"start":{"line":3,"column":24},"end":{"line":3,"column":65}},"3":{"start":{"line":4,"column":24},"end":{"line":4,"column":65}},"4":{"start":{"line":7,"column":0},"end":{"line":7,"column":45}},"5":{"start":{"line":10,"column":0},"end":{"line":10,"column":75}},"6":{"start":{"line":13,"column":0},"end":{"line":13,"column":51}},"7":{"start":{"line":16,"column":0},"end":{"line":16,"column":72}},"8":{"start":{"line":19,"column":0},"end":{"line":19,"column":86}},"9":{"start":{"line":22,"column":0},"end":{"line":22,"column":73}},"10":{"start":{"line":24,"column":0},"end":{"line":24,"column":24}}},"fnMap":{},"branchMap":{},"s":{"0":5,"1":5,"2":5,"3":5,"4":5,"5":5,"6":5,"7":5,"8":5,"9":5,"10":5},"f":{},"b":{},"_coverageSchema":"1a1c01bbd47fc00a2c39e90264f33305004495a9","hash":"f9c569d71a37da2e1f70f518ed313c3adbf44467"}
,"C:\\Users\\Matheus\\Desktop\\Projetos Pessoais\\A3 2026.1\\Sprint 03\\essence project\\backend\\src\\routes\\productRoutes.js": {"path":"C:\\Users\\Matheus\\Desktop\\Projetos Pessoais\\A3 2026.1\\Sprint 03\\essence project\\backend\\src\\routes\\productRoutes.js","statementMap":{"0":{"start":{"line":1,"column":16},"end":{"line":1,"column":34}},"1":{"start":{"line":2,"column":15},"end":{"line":2,"column":31}},"2":{"start":{"line":3,"column":26},"end":{"line":3,"column":69}},"3":{"start":{"line":4,"column":23},"end":{"line":4,"column":63}},"4":{"start":{"line":5,"column":24},"end":{"line":5,"column":65}},"5":{"start":{"line":8,"column":0},"end":{"line":8,"column":57}},"6":{"start":{"line":9,"column":0},"end":{"line":9,"column":62}},"7":{"start":{"line":12,"column":0},"end":{"line":12,"column":47}},"8":{"start":{"line":15,"column":0},"end":{"line":15,"column":83}},"9":{"start":{"line":18,"column":0},"end":{"line":18,"column":85}},"10":{"start":{"line":21,"column":0},"end":{"line":21,"column":53}},"11":{"start":{"line":23,"column":0},"end":{"line":23,"column":24}}},"fnMap":{},"branchMap":{},"s":{"0":5,"1":5,"2":5,"3":5,"4":5,"5":5,"6":5,"7":5,"8":5,"9":5,"10":5,"11":5},"f":{},"b":{},"_coverageSchema":"1a1c01bbd47fc00a2c39e90264f33305004495a9","hash":"6f2a37d0b642efc9d576a062d8fd42991ec21381"}
,"C:\\Users\\Matheus\\Desktop\\Projetos Pessoais\\A3 2026.1\\Sprint 03\\essence project\\backend\\src\\routes\\reviewRoutes.js": {"path":"C:\\Users\\Matheus\\Desktop\\Projetos Pessoais\\A3 2026.1\\Sprint 03\\essence project\\backend\\src\\routes\\reviewRoutes.js","statementMap":{"0":{"start":{"line":1,"column":16},"end":{"line":1,"column":34}},"1":{"start":{"line":2,"column":15},"end":{"line":2,"column":31}},"2":{"start":{"line":3,"column":25},"end":{"line":3,"column":67}},"3":{"start":{"line":4,"column":23},"end":{"line":4,"column":63}},"4":{"start":{"line":7,"column":0},"end":{"line":7,"column":63}},"5":{"start":{"line":10,"column":0},"end":{"line":10,"column":64}},"6":{"start":{"line":13,"column":0},"end":{"line":13,"column":82}},"7":{"start":{"line":15,"column":0},"end":{"line":15,"column":24}}},"fnMap":{},"branchMap":{},"s":{"0":5,"1":5,"2":5,"3":5,"4":5,"5":5,"6":5,"7":5},"f":{},"b":{},"_coverageSchema":"1a1c01bbd47fc00a2c39e90264f33305004495a9","hash":"e43ba9734971fb54185408c6c5b0239391bec1f8"}
}
