TN:
SF:src\app.js
FN:57,(anonymous_0)
FN:62,(anonymous_1)
FNF:2
FNH:2
FNDA:1,(anonymous_0)
FNDA:2,(anonymous_1)
DA:1,5
DA:2,5
DA:3,5
DA:4,5
DA:5,5
DA:7,5
DA:11,5
DA:13,5
DA:14,5
DA:18,5
DA:28,5
DA:29,5
DA:30,5
DA:31,5
DA:32,5
DA:33,5
DA:34,5
DA:35,5
DA:36,5
DA:37,5
DA:40,5
DA:41,5
DA:44,5
DA:46,5
DA:47,5
DA:48,5
DA:49,5
DA:50,5
DA:51,5
DA:52,5
DA:53,5
DA:54,5
DA:55,5
DA:57,5
DA:58,1
DA:62,5
DA:63,2
DA:64,2
DA:65,1
DA:70,1
DA:71,1
DA:75,5
LF:42
LH:42
BRF:0
BRH:0
end_of_record
TN:
SF:src\controllers\addressController.js
FN:5,(anonymous_0)
FN:20,(anonymous_1)
FN:55,(anonymous_2)
FN:79,(anonymous_3)
FNF:4
FNH:4
FNDA:2,(anonymous_0)
FNDA:3,(anonymous_1)
FNDA:3,(anonymous_2)
FNDA:3,(anonymous_3)
DA:1,6
DA:3,6
DA:6,2
DA:7,2
DA:8,2
DA:12,1
DA:14,1
DA:15,1
DA:21,3
DA:22,3
DA:24,3
DA:26,3
DA:27,1
DA:30,2
DA:31,1
DA:32,1
DA:36,2
DA:42,2
DA:44,2
DA:50,1
DA:51,1
DA:56,3
DA:57,3
DA:58,3
DA:59,3
DA:61,3
DA:62,2
DA:64,1
DA:65,1
DA:67,1
DA:71,1
DA:72,1
DA:74,1
DA:75,1
DA:80,3
DA:81,3
DA:82,3
DA:83,3
DA:84,2
DA:85,1
DA:86,1
DA:88,1
DA:89,1
DA:94,6
LF:44
LH:44
BRDA:26,0,0,1
BRDA:26,0,1,2
BRDA:31,1,0,1
BRDA:31,1,1,0
BRDA:39,2,0,2
BRDA:39,2,1,2
BRDA:39,3,0,2
BRDA:39,3,1,1
BRDA:62,4,0,1
BRDA:62,4,1,1
BRDA:64,5,0,1
BRDA:64,5,1,0
BRDA:69,6,0,1
BRDA:69,6,1,1
BRDA:69,7,0,1
BRDA:69,7,1,0
BRDA:84,8,0,1
BRDA:84,8,1,1
BRF:18
BRH:15
end_of_record
TN:
SF:src\controllers\authController.js
FN:7,sanitizeInput
FN:14,(anonymous_1)
FN:69,(anonymous_2)
FN:113,(anonymous_3)
FN:134,(anonymous_4)
FN:153,(anonymous_5)
FNF:6
FNH:6
FNDA:38,sanitizeInput
FNDA:10,(anonymous_1)
FNDA:5,(anonymous_2)
FNDA:3,(anonymous_3)
FNDA:3,(anonymous_4)
FNDA:2,(anonymous_5)
DA:1,6
DA:2,6
DA:3,6
DA:8,38
DA:9,33
DA:12,6
DA:16,10
DA:17,10
DA:18,10
DA:19,10
DA:20,10
DA:23,10
DA:24,2
DA:27,8
DA:28,2
DA:31,6
DA:32,1
DA:35,5
DA:37,5
DA:42,4
DA:43,2
DA:47,2
DA:48,2
DA:51,2
DA:57,2
DA:63,1
DA:64,1
DA:71,5
DA:72,5
DA:74,5
DA:75,5
DA:77,4
DA:78,1
DA:81,3
DA:82,3
DA:84,3
DA:85,1
DA:89,2
DA:95,2
DA:107,1
DA:108,1
DA:114,3
DA:116,3
DA:117,1
DA:120,2
DA:122,2
DA:125,1
DA:128,1
DA:129,1
DA:135,3
DA:136,3
DA:141,2
DA:142,1
DA:145,1
DA:147,1
DA:148,1
DA:154,2
DA:155,2
DA:156,2
DA:160,1
DA:164,1
DA:166,1
DA:167,1
DA:172,6
LF:64
LH:64
BRDA:8,0,0,5
BRDA:8,0,1,33
BRDA:23,1,0,2
BRDA:23,1,1,8
BRDA:23,2,0,10
BRDA:23,2,1,10
BRDA:27,3,0,2
BRDA:27,3,1,6
BRDA:27,4,0,8
BRDA:27,4,1,8
BRDA:31,5,0,1
BRDA:31,5,1,5
BRDA:31,6,0,6
BRDA:31,6,1,6
BRDA:42,7,0,2
BRDA:42,7,1,2
BRDA:77,8,0,1
BRDA:77,8,1,3
BRDA:84,9,0,1
BRDA:84,9,1,2
BRDA:91,10,0,2
BRDA:91,10,1,1
BRDA:116,11,0,1
BRDA:116,11,1,2
BRDA:141,12,0,1
BRDA:141,12,1,1
BRDA:158,13,0,2
BRDA:158,13,1,0
BRF:28
BRH:27
end_of_record
TN:
SF:src\controllers\cartController.js
FN:5,(anonymous_0)
FN:72,(anonymous_1)
FN:96,(anonymous_2)
FN:110,(anonymous_3)
FN:129,(anonymous_4)
FNF:5
FNH:5
FNDA:6,(anonymous_0)
FNDA:2,(anonymous_1)
FNDA:2,(anonymous_2)
FNDA:2,(anonymous_3)
FNDA:4,(anonymous_4)
DA:1,6
DA:3,6
DA:6,6
DA:7,6
DA:9,6
DA:11,6
DA:16,5
DA:17,1
DA:20,4
DA:21,1
DA:27,3
DA:30,3
DA:31,1
DA:32,1
DA:34,2
DA:38,3
DA:43,3
DA:45,2
DA:47,2
DA:48,1
DA:51,1
DA:57,1
DA:63,2
DA:66,1
DA:67,1
DA:73,2
DA:75,2
DA:76,2
DA:96,2
DA:98,1
DA:104,1
DA:105,1
DA:111,2
DA:112,2
DA:114,2
DA:115,2
DA:121,1
DA:123,1
DA:124,1
DA:130,4
DA:131,4
DA:132,4
DA:134,4
DA:135,1
DA:138,3
DA:140,3
DA:142,2
DA:143,2
DA:146,1
DA:153,1
DA:155,1
DA:156,1
DA:161,6
LF:53
LH:53
BRDA:16,0,0,1
BRDA:16,0,1,4
BRDA:20,1,0,1
BRDA:20,1,1,3
BRDA:30,2,0,1
BRDA:30,2,1,2
BRDA:43,3,0,2
BRDA:43,3,1,1
BRDA:47,4,0,1
BRDA:47,4,1,1
BRDA:134,5,0,1
BRDA:134,5,1,3
BRDA:142,6,0,0
BRDA:142,6,1,2
BRDA:143,7,0,1
BRDA:143,7,1,1
BRF:16
BRH:15
end_of_record
TN:
SF:src\controllers\couponController.js
FN:6,(anonymous_0)
FNF:1
FNH:1
FNDA:7,(anonymous_0)
DA:1,6
DA:3,6
DA:7,7
DA:9,7
DA:10,1
DA:13,6
DA:14,6
DA:20,5
DA:21,1
DA:24,4
DA:26,4
DA:27,1
DA:30,3
DA:31,1
DA:34,2
DA:44,1
DA:45,1
DA:50,6
LF:18
LH:18
BRDA:9,0,0,1
BRDA:9,0,1,6
BRDA:9,1,0,7
BRDA:9,1,1,6
BRDA:20,2,0,1
BRDA:20,2,1,4
BRDA:26,3,0,1
BRDA:26,3,1,3
BRDA:30,4,0,1
BRDA:30,4,1,2
BRF:10
BRH:10
end_of_record
TN:
SF:src\controllers\dashboardController.js
FN:5,(anonymous_0)
FNF:1
FNH:1
FNDA:3,(anonymous_0)
DA:1,6
DA:3,6
DA:6,3
DA:23,3
DA:119,2
DA:139,1
DA:140,1
DA:145,6
LF:8
LH:8
BRF:0
BRH:0
end_of_record
TN:
SF:src\controllers\favoriteController.js
FN:5,(anonymous_0)
FN:22,(anonymous_1)
FN:36,(anonymous_2)
FNF:3
FNH:3
FNDA:3,(anonymous_0)
FNDA:2,(anonymous_1)
FNDA:2,(anonymous_2)
DA:1,6
DA:3,6
DA:6,3
DA:7,3
DA:9,3
DA:10,3
DA:11,1
DA:13,2
DA:14,1
DA:16,1
DA:17,1
DA:23,2
DA:24,2
DA:26,2
DA:27,2
DA:28,1
DA:30,1
DA:31,1
DA:37,2
DA:39,2
DA:40,2
DA:56,1
DA:58,1
DA:59,1
DA:64,6
LF:25
LH:25
BRDA:13,0,0,1
BRDA:13,0,1,1
BRF:2
BRH:2
end_of_record
TN:
SF:src\controllers\orderController.js
FN:7,(anonymous_0)
FN:20,(anonymous_1)
FN:43,(anonymous_2)
FN:88,(anonymous_3)
FN:200,(anonymous_4)
FN:219,(anonymous_5)
FN:271,(anonymous_6)
FNF:7
FNH:7
FNDA:3,(anonymous_0)
FNDA:1,(anonymous_1)
FNDA:4,(anonymous_2)
FNDA:7,(anonymous_3)
FNDA:2,(anonymous_4)
FNDA:11,(anonymous_5)
FNDA:3,(anonymous_6)
DA:1,7
DA:2,7
DA:4,7
DA:8,3
DA:9,3
DA:10,3
DA:20,2
DA:21,1
DA:32,1
DA:35,2
DA:37,1
DA:38,1
DA:44,4
DA:46,4
DA:48,4
DA:49,3
DA:50,2
DA:52,2
DA:60,2
DA:63,1
DA:64,1
DA:65,1
DA:69,1
DA:76,1
DA:82,1
DA:83,1
DA:89,7
DA:90,7
DA:92,7
DA:93,7
DA:94,7
DA:97,7
DA:98,6
DA:99,5
DA:102,5
DA:109,5
DA:112,4
DA:113,4
DA:114,1
DA:116,3
DA:123,3
DA:124,3
DA:125,3
DA:129,3
DA:130,3
DA:131,3
DA:132,1
DA:136,1
DA:137,1
DA:138,1
DA:139,1
DA:140,1
DA:141,1
DA:142,0
DA:143,0
DA:149,3
DA:152,3
DA:153,3
DA:154,1
DA:158,1
DA:159,1
DA:163,3
DA:164,3
DA:169,3
DA:172,3
DA:173,3
DA:180,3
DA:182,3
DA:184,3
DA:191,4
DA:192,4
DA:193,4
DA:195,7
DA:201,2
DA:202,2
DA:211,1
DA:213,1
DA:214,1
DA:220,11
DA:221,11
DA:223,11
DA:225,11
DA:226,2
DA:229,9
DA:231,9
DA:232,8
DA:233,2
DA:236,6
DA:239,6
DA:240,1
DA:244,5
DA:245,1
DA:247,4
DA:248,1
DA:252,3
DA:255,3
DA:256,3
DA:257,3
DA:263,3
DA:265,1
DA:266,1
DA:272,3
DA:273,3
DA:275,3
DA:283,3
DA:285,3
DA:286,1
DA:287,1
DA:290,3
DA:292,3
DA:293,2
DA:295,1
DA:296,1
DA:301,7
LF:114
LH:112
BRDA:49,0,0,1
BRDA:49,0,1,2
BRDA:60,1,0,1
BRDA:60,1,1,1
BRDA:98,2,0,1
BRDA:98,2,1,5
BRDA:109,3,0,1
BRDA:109,3,1,4
BRDA:113,4,0,1
BRDA:113,4,1,3
BRDA:131,5,0,1
BRDA:131,5,1,2
BRDA:131,6,0,3
BRDA:131,6,1,1
BRDA:136,7,0,1
BRDA:136,7,1,0
BRDA:138,8,0,1
BRDA:138,8,1,0
BRDA:138,9,0,1
BRDA:138,9,1,1
BRDA:140,10,0,1
BRDA:140,10,1,0
BRDA:142,11,0,0
BRDA:142,11,1,0
BRDA:153,12,0,1
BRDA:153,12,1,2
BRDA:158,13,0,0
BRDA:158,13,1,1
BRDA:167,14,0,3
BRDA:167,14,1,0
BRDA:167,15,0,3
BRDA:167,15,1,0
BRDA:193,16,0,4
BRDA:193,16,1,0
BRDA:225,17,0,2
BRDA:225,17,1,9
BRDA:225,18,0,11
BRDA:225,18,1,11
BRDA:232,19,0,2
BRDA:232,19,1,6
BRDA:239,20,0,1
BRDA:239,20,1,5
BRDA:244,21,0,1
BRDA:244,21,1,4
BRDA:247,22,0,1
BRDA:247,22,1,3
BRDA:256,23,0,3
BRDA:256,23,1,1
BRDA:285,24,0,1
BRDA:285,24,1,2
BRF:50
BRH:41
end_of_record
TN:
SF:src\controllers\productController.js
FN:5,(anonymous_0)
FN:20,(anonymous_1)
FN:27,(anonymous_2)
FN:28,(anonymous_3)
FN:29,(anonymous_4)
FN:38,(anonymous_5)
FN:102,(anonymous_6)
FN:142,(anonymous_7)
FN:178,(anonymous_8)
FNF:9
FNH:9
FNDA:2,(anonymous_0)
FNDA:2,(anonymous_1)
FNDA:2,(anonymous_2)
FNDA:2,(anonymous_3)
FNDA:2,(anonymous_4)
FNDA:3,(anonymous_5)
FNDA:3,(anonymous_6)
FNDA:4,(anonymous_7)
FNDA:6,(anonymous_8)
DA:1,6
DA:3,6
DA:6,2
DA:7,2
DA:9,2
DA:10,1
DA:11,1
DA:13,1
DA:15,1
DA:16,1
DA:21,2
DA:22,2
DA:23,1
DA:24,1
DA:26,1
DA:27,2
DA:28,2
DA:29,2
DA:32,1
DA:33,1
DA:53,3
DA:55,3
DA:57,3
DA:59,3
DA:62,3
DA:69,2
DA:72,2
DA:78,2
DA:79,1
DA:85,2
DA:87,2
DA:93,1
DA:94,1
DA:95,1
DA:97,3
DA:103,3
DA:104,3
DA:105,3
DA:134,2
DA:136,1
DA:137,1
DA:143,4
DA:144,4
DA:145,4
DA:146,4
DA:160,3
DA:162,2
DA:167,2
DA:168,2
DA:170,2
DA:172,1
DA:173,1
DA:179,6
DA:180,6
DA:182,6
DA:183,6
DA:184,6
DA:187,6
DA:188,6
DA:190,6
DA:191,6
DA:192,6
DA:193,6
DA:194,6
DA:196,6
DA:197,4
DA:198,4
DA:205,5
DA:206,2
DA:207,3
DA:208,3
DA:209,3
DA:210,3
DA:211,3
DA:212,3
DA:213,3
DA:221,5
DA:222,5
DA:225,1
DA:226,1
DA:227,1
DA:229,6
DA:234,6
LF:83
LH:83
BRDA:78,0,0,1
BRDA:78,0,1,1
BRDA:78,1,0,2
BRDA:78,1,1,1
BRDA:78,1,2,1
BRDA:130,2,0,1
BRDA:130,2,1,2
BRDA:157,3,0,1
BRDA:157,3,1,3
BRDA:160,4,0,1
BRDA:160,4,1,2
BRDA:190,5,0,2
BRDA:190,5,1,4
BRDA:191,6,0,1
BRDA:191,6,1,5
BRDA:192,7,0,1
BRDA:192,7,1,5
BRDA:193,8,0,1
BRDA:193,8,1,5
BRDA:194,9,0,2
BRDA:194,9,1,4
BRDA:194,10,0,1
BRDA:194,10,1,1
BRDA:196,11,0,4
BRDA:196,11,1,2
BRDA:205,12,0,2
BRDA:205,12,1,3
BRDA:205,13,0,5
BRDA:205,13,1,2
BRDA:207,14,0,3
BRDA:207,14,1,0
BRDA:207,15,0,3
BRDA:207,15,1,3
BRDA:207,15,2,1
BRDA:210,16,0,2
BRDA:210,16,1,1
BRDA:211,17,0,2
BRDA:211,17,1,1
BRF:38
BRH:37
end_of_record
TN:
SF:src\controllers\reviewController.js
FN:6,(anonymous_0)
FN:43,(anonymous_1)
FN:73,(anonymous_2)
FNF:3
FNH:3
FNDA:6,(anonymous_0)
FNDA:2,(anonymous_1)
FNDA:3,(anonymous_2)
DA:1,6
DA:3,6
DA:7,6
DA:8,6
DA:10,6
DA:11,1
DA:14,5
DA:16,5
DA:24,4
DA:25,2
DA:29,2
DA:35,2
DA:37,1
DA:38,1
DA:44,2
DA:45,2
DA:46,2
DA:56,1
DA:61,1
DA:67,1
DA:68,1
DA:74,3
DA:75,3
DA:77,3
DA:78,3
DA:86,2
DA:91,2
DA:97,1
DA:98,1
DA:103,6
LF:30
LH:30
BRDA:10,0,0,1
BRDA:10,0,1,5
BRDA:10,1,0,6
BRDA:10,1,1,5
BRDA:10,1,2,5
BRDA:10,1,3,5
BRDA:24,2,0,2
BRDA:24,2,1,2
BRDA:33,3,0,2
BRDA:33,3,1,0
BRDA:63,4,0,1
BRDA:63,4,1,0
BRDA:94,5,0,2
BRDA:94,5,1,1
BRF:14
BRH:12
end_of_record
TN:
SF:src\middlewares\adminMiddleware.js
FN:8,adminMiddleware
FNF:1
FNH:1
FNDA:5,adminMiddleware
DA:1,6
DA:10,5
DA:11,1
DA:14,4
DA:15,2
DA:18,2
DA:21,6
LF:7
LH:7
BRDA:10,0,0,1
BRDA:10,0,1,4
BRDA:14,1,0,2
BRDA:14,1,1,2
BRF:4
BRH:4
end_of_record
TN:
SF:src\middlewares\authMiddleware.js
FN:3,authMiddleware
FNF:1
FNH:1
FNDA:11,authMiddleware
DA:1,6
DA:4,11
DA:6,11
DA:7,4
DA:11,7
DA:13,7
DA:14,7
DA:17,6
DA:19,6
DA:21,1
DA:25,6
LF:11
LH:11
BRDA:6,0,0,4
BRDA:6,0,1,7
BRDA:14,1,0,7
BRDA:14,1,1,7
BRF:4
BRH:4
end_of_record
TN:
SF:src\routes\addressRoutes.js
FNF:0
FNH:0
DA:1,5
DA:2,5
DA:3,5
DA:4,5
DA:6,5
DA:7,5
DA:8,5
DA:9,5
DA:11,5
LF:9
LH:9
BRF:0
BRH:0
end_of_record
TN:
SF:src\routes\authRoutes.js
FNF:0
FNH:0
DA:1,5
DA:2,5
DA:3,5
DA:5,5
DA:8,5
DA:11,5
DA:14,5
DA:17,5
DA:20,5
DA:22,5
LF:10
LH:10
BRF:0
BRH:0
end_of_record
TN:
SF:src\routes\cartRoutes.js
FNF:0
FNH:0
DA:1,5
DA:2,5
DA:3,5
DA:4,5
DA:10,5
DA:13,5
DA:16,5
DA:19,5
DA:21,5
LF:9
LH:9
BRF:0
BRH:0
end_of_record
TN:
SF:src\routes\couponRoutes.js
FNF:0
FNH:0
DA:1,5
DA:2,5
DA:3,5
DA:6,5
DA:8,5
LF:5
LH:5
BRF:0
BRH:0
end_of_record
TN:
SF:src\routes\dashboardRoutes.js
FNF:0
FNH:0
DA:1,5
DA:2,5
DA:3,5
DA:4,5
DA:5,5
DA:8,5
DA:10,5
LF:7
LH:7
BRF:0
BRH:0
end_of_record
TN:
SF:src\routes\favoriteRoutes.js
FNF:0
FNH:0
DA:1,5
DA:2,5
DA:3,5
DA:5,5
DA:6,5
DA:7,5
DA:9,5
LF:7
LH:7
BRF:0
BRH:0
end_of_record
TN:
SF:src\routes\orderRoutes.js
FNF:0
FNH:0
DA:1,5
DA:2,5
DA:3,5
DA:4,5
DA:7,5
DA:10,5
DA:13,5
DA:16,5
DA:19,5
DA:22,5
DA:24,5
LF:11
LH:11
BRF:0
BRH:0
end_of_record
TN:
SF:src\routes\productRoutes.js
FNF:0
FNH:0
DA:1,5
DA:2,5
DA:3,5
DA:4,5
DA:5,5
DA:8,5
DA:9,5
DA:12,5
DA:15,5
DA:18,5
DA:21,5
DA:23,5
LF:12
LH:12
BRF:0
BRH:0
end_of_record
TN:
SF:src\routes\reviewRoutes.js
FNF:0
FNH:0
DA:1,5
DA:2,5
DA:3,5
DA:4,5
DA:7,5
DA:10,5
DA:13,5
DA:15,5
LF:8
LH:8
BRF:0
BRH:0
end_of_record
