TN:
SF:src\app.js
FN:38,(anonymous_0)
FN:43,(anonymous_1)
FNF:2
FNH:0
FNDA:0,(anonymous_0)
FNDA:0,(anonymous_1)
DA:1,4
DA:2,4
DA:3,4
DA:5,4
DA:7,4
DA:8,4
DA:10,4
DA:11,4
DA:12,4
DA:13,4
DA:14,4
DA:15,4
DA:16,4
DA:17,4
DA:18,4
DA:19,4
DA:22,4
DA:23,4
DA:26,4
DA:28,4
DA:29,4
DA:30,4
DA:31,4
DA:32,4
DA:33,4
DA:34,4
DA:35,4
DA:36,4
DA:38,4
DA:39,0
DA:43,4
DA:44,0
DA:45,0
DA:46,0
DA:51,0
DA:52,0
DA:56,4
LF:37
LH:31
BRF:0
BRH:0
end_of_record
TN:
SF:src\controllers\addressController.js
FN:5,(anonymous_0)
FN:20,(anonymous_1)
FN:55,(anonymous_2)
FN:79,(anonymous_3)
FNF:4
FNH:4
FNDA:1,(anonymous_0)
FNDA:2,(anonymous_1)
FNDA:2,(anonymous_2)
FNDA:2,(anonymous_3)
DA:1,5
DA:3,5
DA:6,1
DA:7,1
DA:8,1
DA:12,1
DA:14,0
DA:15,0
DA:21,2
DA:22,2
DA:24,2
DA:26,2
DA:27,1
DA:30,1
DA:31,1
DA:32,1
DA:36,2
DA:42,2
DA:44,2
DA:50,0
DA:51,0
DA:56,2
DA:57,2
DA:58,2
DA:59,2
DA:61,2
DA:62,2
DA:64,1
DA:65,1
DA:67,1
DA:71,1
DA:72,1
DA:74,0
DA:75,0
DA:80,2
DA:81,2
DA:82,2
DA:83,2
DA:84,2
DA:85,1
DA:86,1
DA:88,0
DA:89,0
DA:94,5
LF:44
LH:36
BRDA:26,0,0,1
BRDA:26,0,1,1
BRDA:31,1,0,1
BRDA:31,1,1,0
BRDA:39,2,0,2
BRDA:39,2,1,2
BRDA:39,3,0,2
BRDA:39,3,1,1
BRDA:62,4,0,1
BRDA:62,4,1,1
BRDA:64,5,0,1
BRDA:64,5,1,0
BRDA:69,6,0,1
BRDA:69,6,1,1
BRDA:69,7,0,1
BRDA:69,7,1,0
BRDA:84,8,0,1
BRDA:84,8,1,1
BRF:18
BRH:15
end_of_record
TN:
SF:src\controllers\authController.js
FN:7,(anonymous_0)
FN:58,(anonymous_1)
FN:100,(anonymous_2)
FN:119,(anonymous_3)
FNF:4
FNH:2
FNDA:4,(anonymous_0)
FNDA:1,(anonymous_1)
FNDA:0,(anonymous_2)
FNDA:0,(anonymous_3)
DA:1,4
DA:2,4
DA:3,4
DA:5,4
DA:8,4
DA:11,4
DA:12,4
DA:13,1
DA:16,3
DA:17,1
DA:20,2
DA:21,0
DA:24,2
DA:26,2
DA:31,2
DA:32,1
DA:36,1
DA:37,1
DA:40,1
DA:46,1
DA:52,0
DA:53,0
DA:59,1
DA:61,1
DA:62,1
DA:64,1
DA:65,0
DA:68,1
DA:69,1
DA:71,1
DA:72,0
DA:76,1
DA:82,1
DA:94,0
DA:95,0
DA:101,0
DA:102,0
DA:107,0
DA:108,0
DA:111,0
DA:113,0
DA:114,0
DA:120,0
DA:121,0
DA:122,0
DA:126,0
DA:130,0
DA:132,0
DA:133,0
DA:138,4
LF:50
LH:29
BRDA:12,0,0,1
BRDA:12,0,1,3
BRDA:12,1,0,4
BRDA:12,1,1,4
BRDA:16,2,0,1
BRDA:16,2,1,2
BRDA:16,3,0,3
BRDA:16,3,1,3
BRDA:20,4,0,0
BRDA:20,4,1,2
BRDA:20,5,0,2
BRDA:20,5,1,2
BRDA:31,6,0,1
BRDA:31,6,1,1
BRDA:64,7,0,0
BRDA:64,7,1,1
BRDA:71,8,0,0
BRDA:71,8,1,1
BRDA:78,9,0,1
BRDA:78,9,1,0
BRDA:107,10,0,0
BRDA:107,10,1,0
BRDA:124,11,0,0
BRDA:124,11,1,0
BRF:24
BRH:16
end_of_record
TN:
SF:src\controllers\cartController.js
FN:5,(anonymous_0)
FN:72,(anonymous_1)
FN:95,(anonymous_2)
FN:109,(anonymous_3)
FN:128,(anonymous_4)
FNF:5
FNH:2
FNDA:5,(anonymous_0)
FNDA:0,(anonymous_1)
FNDA:0,(anonymous_2)
FNDA:0,(anonymous_3)
FNDA:3,(anonymous_4)
DA:1,5
DA:3,5
DA:6,5
DA:7,5
DA:9,5
DA:11,5
DA:16,5
DA:17,1
DA:20,4
DA:21,1
DA:27,3
DA:30,3
DA:31,1
DA:32,1
DA:34,2
DA:38,3
DA:43,3
DA:45,2
DA:47,2
DA:48,1
DA:51,1
DA:57,1
DA:63,2
DA:66,0
DA:67,0
DA:73,0
DA:75,0
DA:76,0
DA:95,0
DA:97,0
DA:103,0
DA:104,0
DA:110,0
DA:111,0
DA:113,0
DA:114,0
DA:120,0
DA:122,0
DA:123,0
DA:129,3
DA:130,3
DA:131,3
DA:133,3
DA:134,1
DA:137,2
DA:139,2
DA:141,2
DA:142,2
DA:145,1
DA:152,1
DA:154,0
DA:155,0
DA:160,5
LF:53
LH:35
BRDA:16,0,0,1
BRDA:16,0,1,4
BRDA:20,1,0,1
BRDA:20,1,1,3
BRDA:30,2,0,1
BRDA:30,2,1,2
BRDA:43,3,0,2
BRDA:43,3,1,1
BRDA:47,4,0,1
BRDA:47,4,1,1
BRDA:133,5,0,1
BRDA:133,5,1,2
BRDA:141,6,0,0
BRDA:141,6,1,2
BRDA:142,7,0,1
BRDA:142,7,1,1
BRF:16
BRH:15
end_of_record
TN:
SF:src\controllers\couponController.js
FN:6,(anonymous_0)
FNF:1
FNH:1
FNDA:6,(anonymous_0)
DA:1,5
DA:3,5
DA:7,6
DA:9,6
DA:10,1
DA:13,5
DA:14,5
DA:20,5
DA:21,1
DA:24,4
DA:26,4
DA:27,1
DA:30,3
DA:31,1
DA:34,2
DA:44,0
DA:45,0
DA:50,5
LF:18
LH:16
BRDA:9,0,0,1
BRDA:9,0,1,5
BRDA:9,1,0,6
BRDA:9,1,1,5
BRDA:20,2,0,1
BRDA:20,2,1,4
BRDA:26,3,0,1
BRDA:26,3,1,3
BRDA:30,4,0,1
BRDA:30,4,1,2
BRF:10
BRH:10
end_of_record
TN:
SF:src\controllers\dashboardController.js
FN:5,(anonymous_0)
FNF:1
FNH:0
FNDA:0,(anonymous_0)
DA:1,4
DA:3,4
DA:6,0
DA:23,0
DA:119,0
DA:139,0
DA:140,0
DA:145,4
LF:8
LH:3
BRF:0
BRH:0
end_of_record
TN:
SF:src\controllers\favoriteController.js
FN:5,(anonymous_0)
FN:22,(anonymous_1)
FN:36,(anonymous_2)
FNF:3
FNH:3
FNDA:3,(anonymous_0)
FNDA:1,(anonymous_1)
FNDA:1,(anonymous_2)
DA:1,5
DA:3,5
DA:6,3
DA:7,3
DA:9,3
DA:10,3
DA:11,1
DA:13,2
DA:14,1
DA:16,1
DA:17,1
DA:23,1
DA:24,1
DA:26,1
DA:27,1
DA:28,1
DA:30,0
DA:31,0
DA:37,1
DA:39,1
DA:40,1
DA:55,1
DA:57,0
DA:58,0
DA:63,5
LF:25
LH:21
BRDA:13,0,0,1
BRDA:13,0,1,1
BRF:2
BRH:2
end_of_record
TN:
SF:src\controllers\orderController.js
FN:7,(anonymous_0)
FN:20,(anonymous_1)
FN:43,(anonymous_2)
FN:88,(anonymous_3)
FN:200,(anonymous_4)
FN:219,(anonymous_5)
FN:271,(anonymous_6)
FNF:7
FNH:1
FNDA:0,(anonymous_0)
FNDA:0,(anonymous_1)
FNDA:0,(anonymous_2)
FNDA:0,(anonymous_3)
FNDA:0,(anonymous_4)
FNDA:7,(anonymous_5)
FNDA:0,(anonymous_6)
DA:1,5
DA:2,5
DA:4,5
DA:8,0
DA:9,0
DA:10,0
DA:20,0
DA:21,0
DA:32,0
DA:35,0
DA:37,0
DA:38,0
DA:44,0
DA:46,0
DA:48,0
DA:49,0
DA:50,0
DA:52,0
DA:60,0
DA:63,0
DA:64,0
DA:65,0
DA:69,0
DA:76,0
DA:82,0
DA:83,0
DA:89,0
DA:90,0
DA:92,0
DA:93,0
DA:94,0
DA:97,0
DA:98,0
DA:99,0
DA:102,0
DA:109,0
DA:112,0
DA:113,0
DA:114,0
DA:116,0
DA:123,0
DA:124,0
DA:125,0
DA:129,0
DA:130,0
DA:131,0
DA:132,0
DA:136,0
DA:137,0
DA:138,0
DA:139,0
DA:140,0
DA:141,0
DA:142,0
DA:143,0
DA:149,0
DA:152,0
DA:153,0
DA:154,0
DA:158,0
DA:159,0
DA:163,0
DA:164,0
DA:169,0
DA:172,0
DA:173,0
DA:180,0
DA:182,0
DA:184,0
DA:191,0
DA:192,0
DA:193,0
DA:195,0
DA:201,0
DA:202,0
DA:211,0
DA:213,0
DA:214,0
DA:220,7
DA:221,7
DA:223,7
DA:225,7
DA:226,1
DA:229,6
DA:231,6
DA:232,6
DA:233,1
DA:236,5
DA:239,5
DA:240,1
DA:244,4
DA:245,1
DA:247,3
DA:248,1
DA:252,2
DA:255,2
DA:256,2
DA:257,2
DA:263,2
DA:265,0
DA:266,0
DA:272,0
DA:273,0
DA:275,0
DA:283,0
DA:285,0
DA:286,0
DA:287,0
DA:290,0
DA:292,0
DA:293,0
DA:295,0
DA:296,0
DA:301,5
LF:114
LH:25
BRDA:49,0,0,0
BRDA:49,0,1,0
BRDA:60,1,0,0
BRDA:60,1,1,0
BRDA:98,2,0,0
BRDA:98,2,1,0
BRDA:109,3,0,0
BRDA:109,3,1,0
BRDA:113,4,0,0
BRDA:113,4,1,0
BRDA:131,5,0,0
BRDA:131,5,1,0
BRDA:131,6,0,0
BRDA:131,6,1,0
BRDA:136,7,0,0
BRDA:136,7,1,0
BRDA:138,8,0,0
BRDA:138,8,1,0
BRDA:138,9,0,0
BRDA:138,9,1,0
BRDA:140,10,0,0
BRDA:140,10,1,0
BRDA:142,11,0,0
BRDA:142,11,1,0
BRDA:153,12,0,0
BRDA:153,12,1,0
BRDA:158,13,0,0
BRDA:158,13,1,0
BRDA:167,14,0,0
BRDA:167,14,1,0
BRDA:167,15,0,0
BRDA:167,15,1,0
BRDA:193,16,0,0
BRDA:193,16,1,0
BRDA:225,17,0,1
BRDA:225,17,1,6
BRDA:225,18,0,7
BRDA:225,18,1,7
BRDA:232,19,0,1
BRDA:232,19,1,5
BRDA:239,20,0,1
BRDA:239,20,1,4
BRDA:244,21,0,1
BRDA:244,21,1,3
BRDA:247,22,0,1
BRDA:247,22,1,2
BRDA:256,23,0,2
BRDA:256,23,1,0
BRDA:285,24,0,0
BRDA:285,24,1,0
BRF:50
BRH:13
end_of_record
TN:
SF:src\controllers\productController.js
FN:5,(anonymous_0)
FN:20,(anonymous_1)
FN:27,(anonymous_2)
FN:28,(anonymous_3)
FN:29,(anonymous_4)
FN:38,(anonymous_5)
FN:102,(anonymous_6)
FN:140,(anonymous_7)
FN:176,(anonymous_8)
FNF:9
FNH:0
FNDA:0,(anonymous_0)
FNDA:0,(anonymous_1)
FNDA:0,(anonymous_2)
FNDA:0,(anonymous_3)
FNDA:0,(anonymous_4)
FNDA:0,(anonymous_5)
FNDA:0,(anonymous_6)
FNDA:0,(anonymous_7)
FNDA:0,(anonymous_8)
DA:1,4
DA:3,4
DA:6,0
DA:7,0
DA:9,0
DA:10,0
DA:11,0
DA:13,0
DA:15,0
DA:16,0
DA:21,0
DA:22,0
DA:23,0
DA:24,0
DA:26,0
DA:27,0
DA:28,0
DA:29,0
DA:32,0
DA:33,0
DA:53,0
DA:55,0
DA:57,0
DA:59,0
DA:62,0
DA:69,0
DA:72,0
DA:78,0
DA:79,0
DA:85,0
DA:87,0
DA:93,0
DA:94,0
DA:95,0
DA:97,0
DA:103,0
DA:104,0
DA:105,0
DA:132,0
DA:134,0
DA:135,0
DA:141,0
DA:142,0
DA:143,0
DA:144,0
DA:158,0
DA:160,0
DA:165,0
DA:166,0
DA:168,0
DA:170,0
DA:171,0
DA:177,0
DA:178,0
DA:180,0
DA:181,0
DA:182,0
DA:185,0
DA:186,0
DA:188,0
DA:189,0
DA:190,0
DA:191,0
DA:192,0
DA:194,0
DA:195,0
DA:196,0
DA:203,0
DA:204,0
DA:205,0
DA:206,0
DA:207,0
DA:208,0
DA:209,0
DA:210,0
DA:211,0
DA:219,0
DA:220,0
DA:223,0
DA:224,0
DA:225,0
DA:227,0
DA:232,4
LF:83
LH:3
BRDA:78,0,0,0
BRDA:78,0,1,0
BRDA:78,1,0,0
BRDA:78,1,1,0
BRDA:78,1,2,0
BRDA:128,2,0,0
BRDA:128,2,1,0
BRDA:155,3,0,0
BRDA:155,3,1,0
BRDA:158,4,0,0
BRDA:158,4,1,0
BRDA:188,5,0,0
BRDA:188,5,1,0
BRDA:189,6,0,0
BRDA:189,6,1,0
BRDA:190,7,0,0
BRDA:190,7,1,0
BRDA:191,8,0,0
BRDA:191,8,1,0
BRDA:192,9,0,0
BRDA:192,9,1,0
BRDA:192,10,0,0
BRDA:192,10,1,0
BRDA:194,11,0,0
BRDA:194,11,1,0
BRDA:203,12,0,0
BRDA:203,12,1,0
BRDA:203,13,0,0
BRDA:203,13,1,0
BRDA:205,14,0,0
BRDA:205,14,1,0
BRDA:205,15,0,0
BRDA:205,15,1,0
BRDA:205,15,2,0
BRDA:208,16,0,0
BRDA:208,16,1,0
BRDA:209,17,0,0
BRDA:209,17,1,0
BRF:38
BRH:0
end_of_record
TN:
SF:src\controllers\reviewController.js
FN:6,(anonymous_0)
FN:43,(anonymous_1)
FN:73,(anonymous_2)
FNF:3
FNH:2
FNDA:5,(anonymous_0)
FNDA:1,(anonymous_1)
FNDA:0,(anonymous_2)
DA:1,5
DA:3,5
DA:7,5
DA:8,5
DA:10,5
DA:11,1
DA:14,4
DA:16,4
DA:24,4
DA:25,2
DA:29,2
DA:35,2
DA:37,0
DA:38,0
DA:44,1
DA:45,1
DA:46,1
DA:56,1
DA:61,1
DA:67,0
DA:68,0
DA:74,0
DA:75,0
DA:77,0
DA:78,0
DA:86,0
DA:91,0
DA:97,0
DA:98,0
DA:103,5
LF:30
LH:18
BRDA:10,0,0,1
BRDA:10,0,1,4
BRDA:10,1,0,5
BRDA:10,1,1,4
BRDA:10,1,2,4
BRDA:10,1,3,4
BRDA:24,2,0,2
BRDA:24,2,1,2
BRDA:33,3,0,2
BRDA:33,3,1,0
BRDA:63,4,0,1
BRDA:63,4,1,0
BRDA:94,5,0,0
BRDA:94,5,1,0
BRF:14
BRH:10
end_of_record
TN:
SF:src\middlewares\adminMiddleware.js
FN:8,adminMiddleware
FNF:1
FNH:1
FNDA:2,adminMiddleware
DA:1,4
DA:10,2
DA:11,0
DA:14,2
DA:15,1
DA:18,1
DA:21,4
LF:7
LH:6
BRDA:10,0,0,0
BRDA:10,0,1,2
BRDA:14,1,0,1
BRDA:14,1,1,1
BRF:4
BRH:3
end_of_record
TN:
SF:src\middlewares\authMiddleware.js
FN:3,authMiddleware
FNF:1
FNH:1
FNDA:8,authMiddleware
DA:1,4
DA:4,8
DA:6,8
DA:7,3
DA:11,5
DA:13,5
DA:14,5
DA:17,5
DA:19,5
DA:21,0
DA:25,4
LF:11
LH:10
BRDA:6,0,0,3
BRDA:6,0,1,5
BRDA:14,1,0,5
BRDA:14,1,1,5
BRF:4
BRH:4
end_of_record
TN:
SF:src\routes\addressRoutes.js
FNF:0
FNH:0
DA:1,4
DA:2,4
DA:3,4
DA:4,4
DA:6,4
DA:7,4
DA:8,4
DA:9,4
DA:11,4
LF:9
LH:9
BRF:0
BRH:0
end_of_record
TN:
SF:src\routes\authRoutes.js
FNF:0
FNH:0
DA:1,4
DA:2,4
DA:3,4
DA:5,4
DA:8,4
DA:11,4
DA:14,4
DA:17,4
DA:19,4
LF:9
LH:9
BRF:0
BRH:0
end_of_record
TN:
SF:src\routes\cartRoutes.js
FNF:0
FNH:0
DA:1,4
DA:2,4
DA:3,4
DA:4,4
DA:10,4
DA:13,4
DA:16,4
DA:19,4
DA:21,4
LF:9
LH:9
BRF:0
BRH:0
end_of_record
TN:
SF:src\routes\couponRoutes.js
FNF:0
FNH:0
DA:1,4
DA:2,4
DA:3,4
DA:6,4
DA:8,4
LF:5
LH:5
BRF:0
BRH:0
end_of_record
TN:
SF:src\routes\dashboardRoutes.js
FNF:0
FNH:0
DA:1,4
DA:2,4
DA:3,4
DA:4,4
DA:5,4
DA:8,4
DA:10,4
LF:7
LH:7
BRF:0
BRH:0
end_of_record
TN:
SF:src\routes\favoriteRoutes.js
FNF:0
FNH:0
DA:1,4
DA:2,4
DA:3,4
DA:5,4
DA:6,4
DA:7,4
DA:9,4
LF:7
LH:7
BRF:0
BRH:0
end_of_record
TN:
SF:src\routes\orderRoutes.js
FNF:0
FNH:0
DA:1,4
DA:2,4
DA:3,4
DA:4,4
DA:7,4
DA:10,4
DA:13,4
DA:16,4
DA:19,4
DA:22,4
DA:24,4
LF:11
LH:11
BRF:0
BRH:0
end_of_record
TN:
SF:src\routes\productRoutes.js
FNF:0
FNH:0
DA:1,4
DA:2,4
DA:3,4
DA:4,4
DA:5,4
DA:8,4
DA:9,4
DA:12,4
DA:15,4
DA:18,4
DA:21,4
DA:23,4
LF:12
LH:12
BRF:0
BRH:0
end_of_record
TN:
SF:src\routes\reviewRoutes.js
FNF:0
FNH:0
DA:1,4
DA:2,4
DA:3,4
DA:4,4
DA:7,4
DA:10,4
DA:13,4
DA:15,4
LF:8
LH:8
BRF:0
BRH:0
end_of_record
